2026-01-04 21:02:16,846 - INFO - Found 8 ticker files.
2026-01-04 21:02:16,847 - INFO - --- Processing crypto_tickers.txt (Type: crypto) | 25 tickers ---
2026-01-04 21:02:16,847 - INFO - [crypto] 1/25: AAVE-USD
2026-01-04 21:02:20,837 - INFO - [crypto] 2/25: ADA-USD
2026-01-04 21:02:22,913 - INFO - [crypto] 3/25: ALGO-USD
2026-01-04 21:02:23,272 - INFO - [crypto] 4/25: ATOM-USD
2026-01-04 21:02:23,600 - INFO - [crypto] 5/25: AVAX-USD
2026-01-04 21:02:25,604 - INFO - [crypto] 6/25: BCH-USD
2026-01-04 21:02:26,309 - INFO - [crypto] 7/25: BTC-USD
2026-01-04 21:02:26,749 - INFO - [crypto] 8/25: DOGE-USD
2026-01-04 21:02:27,128 - INFO - [crypto] 9/25: DOT-USD
2026-01-04 21:02:27,981 - INFO - [crypto] 10/25: EOS-USD
2026-01-04 21:02:30,149 - INFO - [crypto] 11/25: ETC-USD
2026-01-04 21:02:31,028 - INFO - [crypto] 12/25: ETH-USD
2026-01-04 21:02:32,012 - INFO - [crypto] 13/25: FIL-USD
2026-01-04 21:02:33,253 - INFO - [crypto] 14/25: LINK-USD
2026-01-04 21:02:34,136 - INFO - [crypto] 15/25: LTC-USD
2026-01-04 21:02:35,037 - INFO - [crypto] 16/25: MATIC-USD
2026-01-04 21:02:35,396 - INFO - [crypto] 17/25: MKR-USD
2026-01-04 21:02:37,108 - INFO - [crypto] 18/25: SHIB-USD
2026-01-04 21:02:38,601 - INFO - [crypto] 19/25: SOL-USD
2026-01-04 21:02:38,980 - INFO - [crypto] 20/25: TRX-USD
2026-01-04 21:02:39,933 - INFO - [crypto] 21/25: UNI7083-USD
2026-01-04 21:02:41,756 - INFO - [crypto] 22/25: VET-USD
2026-01-04 21:02:43,473 - INFO - [crypto] 23/25: XLM-USD
2026-01-04 21:02:43,948 - INFO - [crypto] 24/25: XMR-USD
2026-01-04 21:02:45,460 - INFO - [crypto] 25/25: XRP-USD
2026-01-04 21:02:46,347 - INFO - --- Processing stocks_tickers.txt (Type: stocks) | 50 tickers ---
2026-01-04 21:02:46,347 - INFO - [stocks] 1/50: AAPL
2026-01-04 21:02:48,737 - INFO - [stocks] 2/50: ABBV
2026-01-04 21:02:51,319 - INFO - [stocks] 3/50: ABNB
2026-01-04 21:03:04,513 - INFO - [stocks] 4/50: ADBE
2026-01-04 21:03:06,577 - INFO - [stocks] 5/50: AMD
2026-01-04 21:03:13,931 - INFO - [stocks] 6/50: AMZN
2026-01-04 21:03:15,493 - INFO - [stocks] 7/50: AVGO
2026-01-04 21:03:16,818 - INFO - [stocks] 8/50: BABA
2026-01-04 21:03:18,350 - INFO - [stocks] 9/50: BAC
2026-01-04 21:03:20,455 - INFO - [stocks] 10/50: BRK-B
2026-01-04 21:03:21,504 - INFO - [stocks] 11/50: COST
2026-01-04 21:03:23,420 - INFO - [stocks] 12/50: CRM
2026-01-04 21:03:24,870 - INFO - [stocks] 13/50: CSCO
2026-01-04 21:03:26,298 - INFO - [stocks] 14/50: CVX
2026-01-04 21:03:28,345 - INFO - [stocks] 15/50: DIS
2026-01-04 21:03:31,173 - INFO - [stocks] 16/50: GOOGL
2026-01-04 21:03:32,838 - INFO - [stocks] 17/50: HD
2026-01-04 21:03:34,526 - INFO - [stocks] 18/50: INTC
2026-01-04 21:03:36,138 - INFO - [stocks] 19/50: JNJ
2026-01-04 21:03:37,866 - INFO - [stocks] 20/50: JPM
2026-01-04 21:03:40,137 - INFO - [stocks] 21/50: KO
2026-01-04 21:03:41,788 - INFO - [stocks] 22/50: MA
2026-01-04 21:03:43,130 - INFO - [stocks] 23/50: MCD
2026-01-04 21:03:45,108 - INFO - [stocks] 24/50: META
2026-01-04 21:03:46,564 - INFO - [stocks] 25/50: MRK
2026-01-04 21:03:49,147 - INFO - [stocks] 26/50: MSFT
2026-01-04 21:03:50,603 - INFO - [stocks] 27/50: NET
2026-01-04 21:03:52,225 - INFO - [stocks] 28/50: NFLX
2026-01-04 21:03:55,345 - INFO - [stocks] 29/50: NKE
2026-01-04 21:03:57,236 - INFO - [stocks] 30/50: NVDA
2026-01-04 21:03:59,215 - INFO - [stocks] 31/50: ORCL
2026-01-04 21:04:01,770 - INFO - [stocks] 32/50: PEP
2026-01-04 21:04:03,621 - INFO - [stocks] 33/50: PFE
2026-01-04 21:04:05,265 - INFO - [stocks] 34/50: PG
2026-01-04 21:04:06,726 - INFO - [stocks] 35/50: PLTR
2026-01-04 21:04:08,269 - INFO - [stocks] 36/50: PYPL
2026-01-04 21:04:09,647 - INFO - [stocks] 37/50: ROKU
2026-01-04 21:04:11,849 - INFO - [stocks] 38/50: SBUX
2026-01-04 21:04:13,813 - INFO - [stocks] 39/50: SHOP
2026-01-04 21:04:18,434 - INFO - [stocks] 40/50: SNOW
2026-01-04 21:04:20,091 - INFO - [stocks] 41/50: SONY
2026-01-04 21:04:24,480 - INFO - [stocks] 42/50: SQ
2026-01-04 21:04:26,650 - ERROR - $SQ: possibly delisted; no timezone found
2026-01-04 21:04:26,659 - ERROR - 
1 Failed download:
2026-01-04 21:04:26,659 - ERROR - ['SQ']: possibly delisted; no timezone found
2026-01-04 21:04:26,661 - WARNING - No data for SQ, skipping.
2026-01-04 21:04:26,662 - INFO - [stocks] 43/50: SSNLF
2026-01-04 21:04:27,114 - ERROR - SSNLF: auto_adjust failed with unsupported operand type(s) for /: 'str' and 'float'
2026-01-04 21:04:27,119 - ERROR - 
1 Failed download:
2026-01-04 21:04:27,119 - ERROR - ['SSNLF']: auto_adjust failed with unsupported operand type(s) for /: 'str' and 'float'
2026-01-04 21:04:30,886 - INFO - [stocks] 44/50: TM
2026-01-04 21:04:37,571 - INFO - [stocks] 45/50: TMO
2026-01-04 21:04:40,810 - INFO - [stocks] 46/50: TSLA
2026-01-04 21:04:42,482 - INFO - [stocks] 47/50: UBER
2026-01-04 21:04:43,600 - INFO - [stocks] 48/50: UNH
2026-01-04 21:04:45,328 - INFO - [stocks] 49/50: V
2026-01-04 21:04:47,145 - INFO - [stocks] 50/50: WMT
2026-01-04 21:04:49,332 - INFO - --- Processing mutualfund_tickers.txt (Type: mutualfunds) | 18 tickers ---
2026-01-04 21:04:49,332 - INFO - [mutualfunds] 1/18: DFLVX
2026-01-04 21:04:50,761 - INFO - [mutualfunds] 2/18: FSMAX
2026-01-04 21:04:52,047 - INFO - [mutualfunds] 3/18: FSPGX
2026-01-04 21:04:53,683 - INFO - [mutualfunds] 4/18: FXAIX
2026-01-04 21:04:55,338 - INFO - [mutualfunds] 5/18: FZROX
2026-01-04 21:04:56,910 - INFO - [mutualfunds] 6/18: PRNHX
2026-01-04 21:04:58,698 - INFO - [mutualfunds] 7/18: SWPPX
2026-01-04 21:05:00,745 - INFO - [mutualfunds] 8/18: TRBCX
2026-01-04 21:05:02,564 - INFO - [mutualfunds] 9/18: VASIX
2026-01-04 21:05:04,038 - INFO - [mutualfunds] 10/18: VBTLX
2026-01-04 21:05:06,352 - INFO - [mutualfunds] 11/18: VFIAX
2026-01-04 21:05:08,211 - INFO - [mutualfunds] 12/18: VIMSX
2026-01-04 21:05:09,841 - INFO - [mutualfunds] 13/18: VSMAX
2026-01-04 21:05:11,960 - INFO - [mutualfunds] 14/18: VTSAX
2026-01-04 21:05:14,823 - INFO - [mutualfunds] 15/18: VWENX
2026-01-04 21:05:17,382 - INFO - [mutualfunds] 16/18: VWLTX
2026-01-04 21:05:19,696 - INFO - [mutualfunds] 17/18: VWLUX
2026-01-04 21:05:22,029 - INFO - [mutualfunds] 18/18: VWUSX
2026-01-04 21:05:24,199 - INFO - --- Processing sp500_tickers.txt (Type: stocks) | 336 tickers ---
2026-01-04 21:05:24,199 - INFO - [stocks] 1/336: A
2026-01-04 21:05:26,257 - INFO - [stocks] 2/336: AAL
2026-01-04 21:05:28,398 - INFO - [stocks] 3/336: AAPL
2026-01-04 21:05:29,870 - INFO - [stocks] 4/336: ABBV
2026-01-04 21:05:30,711 - INFO - [stocks] 5/336: ABMD
2026-01-04 21:05:31,928 - ERROR - $ABMD: possibly delisted; no timezone found
2026-01-04 21:05:31,931 - ERROR - 
1 Failed download:
2026-01-04 21:05:31,933 - ERROR - ['ABMD']: possibly delisted; no timezone found
2026-01-04 21:05:31,935 - WARNING - No data for ABMD, skipping.
2026-01-04 21:05:31,935 - INFO - [stocks] 6/336: ABNB
2026-01-04 21:05:32,440 - INFO - [stocks] 7/336: ABT
2026-01-04 21:05:34,593 - INFO - [stocks] 8/336: ACN
2026-01-04 21:05:36,716 - INFO - [stocks] 9/336: ADBE
2026-01-04 21:05:37,782 - INFO - [stocks] 10/336: ADI
2026-01-04 21:05:40,439 - INFO - [stocks] 11/336: ADM
2026-01-04 21:05:42,551 - INFO - [stocks] 12/336: ADP
2026-01-04 21:05:44,694 - INFO - [stocks] 13/336: ADSK
2026-01-04 21:05:46,328 - INFO - [stocks] 14/336: AEP
2026-01-04 21:05:48,215 - INFO - [stocks] 15/336: AFL
2026-01-04 21:05:50,476 - INFO - [stocks] 16/336: AIG
2026-01-04 21:05:52,138 - INFO - [stocks] 17/336: AKAM
2026-01-04 21:05:54,078 - INFO - [stocks] 18/336: ALB
2026-01-04 21:05:55,982 - INFO - [stocks] 19/336: ALGN
2026-01-04 21:05:57,561 - INFO - [stocks] 20/336: ALLY
2026-01-04 21:05:59,453 - INFO - [stocks] 21/336: AMAT
2026-01-04 21:06:01,175 - INFO - [stocks] 22/336: AMD
2026-01-04 21:06:02,107 - INFO - [stocks] 23/336: AMGN
2026-01-04 21:06:03,718 - INFO - [stocks] 24/336: AMP
2026-01-04 21:06:05,510 - INFO - [stocks] 25/336: AMZN
2026-01-04 21:06:06,703 - INFO - [stocks] 26/336: ANSS
2026-01-04 21:06:07,501 - ERROR - $ANSS: possibly delisted; no timezone found
2026-01-04 21:06:07,509 - ERROR - 
1 Failed download:
2026-01-04 21:06:07,510 - ERROR - ['ANSS']: possibly delisted; no timezone found
2026-01-04 21:06:07,512 - WARNING - No data for ANSS, skipping.
2026-01-04 21:06:07,512 - INFO - [stocks] 27/336: ANTM
2026-01-04 21:06:08,111 - ERROR - $ANTM: possibly delisted; no timezone found
2026-01-04 21:06:08,115 - ERROR - 
1 Failed download:
2026-01-04 21:06:08,115 - ERROR - ['ANTM']: possibly delisted; no timezone found
2026-01-04 21:06:08,118 - WARNING - No data for ANTM, skipping.
2026-01-04 21:06:08,118 - INFO - [stocks] 28/336: AON
2026-01-04 21:06:09,664 - INFO - [stocks] 29/336: AOS
2026-01-04 21:06:11,856 - INFO - [stocks] 30/336: APA
2026-01-04 21:06:17,522 - INFO - [stocks] 31/336: APD
2026-01-04 21:06:19,783 - INFO - [stocks] 32/336: AVGO
2026-01-04 21:06:20,626 - INFO - [stocks] 33/336: AXP
2026-01-04 21:06:22,829 - INFO - [stocks] 34/336: AZO
2026-01-04 21:06:24,918 - INFO - [stocks] 35/336: BA
2026-01-04 21:06:27,481 - INFO - [stocks] 36/336: BAC
2026-01-04 21:06:28,729 - INFO - [stocks] 37/336: BAX
2026-01-04 21:06:30,851 - INFO - [stocks] 38/336: BBBY
2026-01-04 21:06:33,149 - INFO - [stocks] 39/336: BBWI
2026-01-04 21:06:35,204 - INFO - [stocks] 40/336: BBY
2026-01-04 21:06:37,853 - INFO - [stocks] 41/336: BG
2026-01-04 21:06:39,942 - INFO - [stocks] 42/336: BIIB
2026-01-04 21:06:43,247 - INFO - [stocks] 43/336: BIO
2026-01-04 21:06:45,661 - INFO - [stocks] 44/336: BK
2026-01-04 21:06:47,806 - INFO - [stocks] 45/336: BKNG
2026-01-04 21:06:51,523 - INFO - [stocks] 46/336: BKR
2026-01-04 21:06:54,097 - INFO - [stocks] 47/336: BLK
2026-01-04 21:06:56,337 - INFO - [stocks] 48/336: BR
2026-01-04 21:06:58,323 - INFO - [stocks] 49/336: BRK-B
2026-01-04 21:06:59,277 - INFO - [stocks] 50/336: BRKR
2026-01-04 21:07:01,820 - INFO - [stocks] 51/336: BSX
2026-01-04 21:07:03,968 - INFO - [stocks] 52/336: BURL
2026-01-04 21:07:05,610 - INFO - [stocks] 53/336: BX
2026-01-04 21:07:07,520 - INFO - [stocks] 54/336: C
2026-01-04 21:07:09,890 - INFO - [stocks] 55/336: CAH
2026-01-04 21:07:12,578 - INFO - [stocks] 56/336: CARR
2026-01-04 21:07:14,147 - INFO - [stocks] 57/336: CAT
2026-01-04 21:07:16,082 - INFO - [stocks] 58/336: CB
2026-01-04 21:07:17,860 - INFO - [stocks] 59/336: CBRE
2026-01-04 21:07:19,605 - INFO - [stocks] 60/336: CCL
2026-01-04 21:07:21,752 - INFO - [stocks] 61/336: CDNS
2026-01-04 21:07:23,225 - INFO - [stocks] 62/336: CDW
2026-01-04 21:07:24,954 - INFO - [stocks] 63/336: CF
2026-01-04 21:07:31,787 - INFO - [stocks] 64/336: CHD
2026-01-04 21:07:33,404 - INFO - [stocks] 65/336: CHRW
2026-01-04 21:07:36,557 - INFO - [stocks] 66/336: CHTR
2026-01-04 21:07:38,143 - INFO - [stocks] 67/336: CI
2026-01-04 21:07:40,520 - INFO - [stocks] 68/336: CL
2026-01-04 21:07:43,000 - INFO - [stocks] 69/336: CLX
2026-01-04 21:07:45,016 - INFO - [stocks] 70/336: CME
2026-01-04 21:07:47,331 - INFO - [stocks] 71/336: CMG
2026-01-04 21:07:49,283 - INFO - [stocks] 72/336: CMI
2026-01-04 21:07:52,649 - INFO - [stocks] 73/336: CNC
2026-01-04 21:07:54,480 - INFO - [stocks] 74/336: COF
2026-01-04 21:07:56,503 - INFO - [stocks] 75/336: COP
2026-01-04 21:07:59,323 - INFO - [stocks] 76/336: COST
2026-01-04 21:08:00,598 - INFO - [stocks] 77/336: CP
2026-01-04 21:08:02,658 - INFO - [stocks] 78/336: CRM
2026-01-04 21:08:03,987 - INFO - [stocks] 79/336: CRWD
2026-01-04 21:08:05,623 - INFO - [stocks] 80/336: CSCO
2026-01-04 21:08:07,083 - INFO - [stocks] 81/336: CSX
2026-01-04 21:08:09,873 - INFO - [stocks] 82/336: CTAS
2026-01-04 21:08:12,594 - INFO - [stocks] 83/336: CTLT
2026-01-04 21:08:13,379 - ERROR - $CTLT: possibly delisted; no timezone found
2026-01-04 21:08:13,385 - ERROR - 
1 Failed download:
2026-01-04 21:08:13,386 - ERROR - ['CTLT']: possibly delisted; no timezone found
2026-01-04 21:08:13,388 - WARNING - No data for CTLT, skipping.
2026-01-04 21:08:13,388 - INFO - [stocks] 84/336: CTSH
2026-01-04 21:08:16,626 - INFO - [stocks] 85/336: CVS
2026-01-04 21:08:19,449 - INFO - [stocks] 86/336: CVX
2026-01-04 21:08:20,568 - INFO - [stocks] 87/336: D
2026-01-04 21:08:22,787 - INFO - [stocks] 88/336: DAL
2026-01-04 21:08:24,717 - INFO - [stocks] 89/336: DASH
2026-01-04 21:08:27,437 - INFO - [stocks] 90/336: DDOG
2026-01-04 21:08:29,900 - INFO - [stocks] 91/336: DE
2026-01-04 21:08:31,988 - INFO - [stocks] 92/336: DELL
2026-01-04 21:08:34,883 - INFO - [stocks] 93/336: DFS
2026-01-04 21:08:35,737 - ERROR - $DFS: possibly delisted; no timezone found
2026-01-04 21:08:35,744 - ERROR - 
1 Failed download:
2026-01-04 21:08:35,745 - ERROR - ['DFS']: possibly delisted; no timezone found
2026-01-04 21:08:35,747 - WARNING - No data for DFS, skipping.
2026-01-04 21:08:35,747 - INFO - [stocks] 94/336: DG
2026-01-04 21:08:37,259 - INFO - [stocks] 95/336: DGX
2026-01-04 21:08:39,729 - INFO - [stocks] 96/336: DHI
2026-01-04 21:08:41,357 - INFO - [stocks] 97/336: DHR
2026-01-04 21:08:43,265 - INFO - [stocks] 98/336: DIS
2026-01-04 21:08:44,094 - INFO - [stocks] 99/336: DLR
2026-01-04 21:08:45,802 - INFO - [stocks] 100/336: DLTR
2026-01-04 21:08:47,853 - INFO - [stocks] 101/336: DOCU
2026-01-04 21:08:49,233 - INFO - [stocks] 102/336: DOW
2026-01-04 21:08:50,472 - INFO - [stocks] 103/336: DPZ
2026-01-04 21:08:52,006 - INFO - [stocks] 104/336: DRI
2026-01-04 21:08:53,630 - INFO - [stocks] 105/336: DUK
2026-01-04 21:08:55,701 - INFO - [stocks] 106/336: DVN
2026-01-04 21:08:57,281 - INFO - [stocks] 107/336: ECL
2026-01-04 21:08:59,931 - INFO - [stocks] 108/336: ED
2026-01-04 21:09:02,133 - INFO - [stocks] 109/336: EFX
2026-01-04 21:09:04,304 - INFO - [stocks] 110/336: EL
2026-01-04 21:09:07,608 - INFO - [stocks] 111/336: ELV
2026-01-04 21:09:09,524 - INFO - [stocks] 112/336: EMR
2026-01-04 21:09:16,937 - INFO - [stocks] 113/336: EOG
2026-01-04 21:09:19,118 - INFO - [stocks] 114/336: EQIX
2026-01-04 21:09:21,755 - INFO - [stocks] 115/336: ETN
2026-01-04 21:09:24,586 - INFO - [stocks] 116/336: EW
2026-01-04 21:09:26,791 - INFO - [stocks] 117/336: EXC
2026-01-04 21:09:29,690 - INFO - [stocks] 118/336: EXPD
2026-01-04 21:09:31,797 - INFO - [stocks] 119/336: EXPE
2026-01-04 21:09:33,893 - INFO - [stocks] 120/336: F
2026-01-04 21:09:36,669 - INFO - [stocks] 121/336: FCX
2026-01-04 21:09:38,973 - INFO - [stocks] 122/336: FDX
2026-01-04 21:09:41,341 - INFO - [stocks] 123/336: FFIV
2026-01-04 21:09:43,442 - INFO - [stocks] 124/336: FI
2026-01-04 21:09:45,503 - INFO - [stocks] 125/336: FIS
2026-01-04 21:09:49,026 - INFO - [stocks] 126/336: FISV
2026-01-04 21:09:51,133 - INFO - [stocks] 127/336: FLT
2026-01-04 21:09:51,858 - ERROR - $FLT: possibly delisted; no timezone found
2026-01-04 21:09:51,862 - ERROR - 
1 Failed download:
2026-01-04 21:09:51,863 - ERROR - ['FLT']: possibly delisted; no timezone found
2026-01-04 21:09:51,865 - WARNING - No data for FLT, skipping.
2026-01-04 21:09:51,865 - INFO - [stocks] 128/336: FMC
2026-01-04 21:09:53,985 - INFO - [stocks] 129/336: FTNT
2026-01-04 21:09:55,807 - INFO - [stocks] 130/336: GD
2026-01-04 21:09:58,520 - INFO - [stocks] 131/336: GE
2026-01-04 21:10:02,125 - INFO - [stocks] 132/336: GEHC
2026-01-04 21:10:03,342 - INFO - [stocks] 133/336: GILD
2026-01-04 21:10:04,988 - INFO - [stocks] 134/336: GLW
2026-01-04 21:10:06,658 - INFO - [stocks] 135/336: GM
2026-01-04 21:10:09,613 - INFO - [stocks] 136/336: GOOG
2026-01-04 21:10:12,441 - INFO - [stocks] 137/336: GOOGL
2026-01-04 21:10:13,275 - INFO - [stocks] 138/336: GPN
2026-01-04 21:10:15,182 - INFO - [stocks] 139/336: GRMN
2026-01-04 21:10:16,931 - INFO - [stocks] 140/336: GS
2026-01-04 21:10:19,043 - INFO - [stocks] 141/336: H
2026-01-04 21:10:20,340 - INFO - [stocks] 142/336: HAL
2026-01-04 21:10:22,027 - INFO - [stocks] 143/336: HAS
2026-01-04 21:10:23,720 - INFO - [stocks] 144/336: HCA
2026-01-04 21:10:25,119 - INFO - [stocks] 145/336: HD
2026-01-04 21:10:26,607 - INFO - [stocks] 146/336: HES
2026-01-04 21:10:27,461 - ERROR - $HES: possibly delisted; no timezone found
2026-01-04 21:10:27,469 - ERROR - 
1 Failed download:
2026-01-04 21:10:27,470 - ERROR - ['HES']: possibly delisted; no timezone found
2026-01-04 21:10:27,472 - WARNING - No data for HES, skipping.
2026-01-04 21:10:27,472 - INFO - [stocks] 147/336: HLT
2026-01-04 21:10:29,570 - INFO - [stocks] 148/336: HOG
2026-01-04 21:10:32,128 - INFO - [stocks] 149/336: HOLX
2026-01-04 21:10:34,661 - INFO - [stocks] 150/336: HON
2026-01-04 21:10:37,657 - INFO - [stocks] 151/336: HP
2026-01-04 21:10:39,700 - INFO - [stocks] 152/336: HPE
2026-01-04 21:10:42,138 - INFO - [stocks] 153/336: HPQ
2026-01-04 21:10:49,327 - INFO - [stocks] 154/336: HUBB
2026-01-04 21:10:51,357 - INFO - [stocks] 155/336: HUM
2026-01-04 21:10:54,251 - INFO - [stocks] 156/336: IBM
2026-01-04 21:10:56,436 - INFO - [stocks] 157/336: ICE
2026-01-04 21:10:58,497 - INFO - [stocks] 158/336: IDXX
2026-01-04 21:11:00,626 - INFO - [stocks] 159/336: ILMN
2026-01-04 21:11:03,487 - INFO - [stocks] 160/336: INTC
2026-01-04 21:11:05,167 - INFO - [stocks] 161/336: INTU
2026-01-04 21:11:07,399 - INFO - [stocks] 162/336: IRM
2026-01-04 21:11:09,682 - INFO - [stocks] 163/336: ISRG
2026-01-04 21:11:11,700 - INFO - [stocks] 164/336: ITW
2026-01-04 21:11:13,874 - INFO - [stocks] 165/336: JBHT
2026-01-04 21:11:17,798 - INFO - [stocks] 166/336: JNJ
2026-01-04 21:11:18,860 - INFO - [stocks] 167/336: JPM
2026-01-04 21:11:19,854 - INFO - [stocks] 168/336: KELYA
2026-01-04 21:11:21,994 - INFO - [stocks] 169/336: KEX
2026-01-04 21:11:24,125 - INFO - [stocks] 170/336: KEYS
2026-01-04 21:11:26,466 - INFO - [stocks] 171/336: KHC
2026-01-04 21:11:28,329 - INFO - [stocks] 172/336: KMB
2026-01-04 21:11:30,855 - INFO - [stocks] 173/336: KMI
2026-01-04 21:11:32,686 - INFO - [stocks] 174/336: KO
2026-01-04 21:11:33,840 - INFO - [stocks] 175/336: KR
2026-01-04 21:11:36,930 - INFO - [stocks] 176/336: KSS
2026-01-04 21:11:38,660 - INFO - [stocks] 177/336: LCID
2026-01-04 21:11:39,741 - INFO - [stocks] 178/336: LEN
2026-01-04 21:11:41,770 - INFO - [stocks] 179/336: LH
2026-01-04 21:11:43,955 - INFO - [stocks] 180/336: LHX
2026-01-04 21:11:46,299 - INFO - [stocks] 181/336: LII
2026-01-04 21:11:48,196 - INFO - [stocks] 182/336: LIN
2026-01-04 21:11:50,274 - INFO - [stocks] 183/336: LLY
2026-01-04 21:11:52,275 - INFO - [stocks] 184/336: LMT
2026-01-04 21:11:53,978 - INFO - [stocks] 185/336: LOW
2026-01-04 21:11:56,155 - INFO - [stocks] 186/336: LRCX
2026-01-04 21:11:57,801 - INFO - [stocks] 187/336: LSTR
2026-01-04 21:11:59,524 - INFO - [stocks] 188/336: LUV
2026-01-04 21:12:01,320 - INFO - [stocks] 189/336: LVS
2026-01-04 21:12:03,071 - INFO - [stocks] 190/336: LYFT
2026-01-04 21:12:05,265 - INFO - [stocks] 191/336: MA
2026-01-04 21:12:06,121 - INFO - [stocks] 192/336: MAN
2026-01-04 21:12:09,084 - INFO - [stocks] 193/336: MAR
2026-01-04 21:12:11,963 - INFO - [stocks] 194/336: MAS
2026-01-04 21:12:14,299 - INFO - [stocks] 195/336: MATX
2026-01-04 21:12:16,965 - INFO - [stocks] 196/336: MCD
2026-01-04 21:12:18,122 - INFO - [stocks] 197/336: MCK
2026-01-04 21:12:20,124 - INFO - [stocks] 198/336: MCO
2026-01-04 21:12:22,424 - INFO - [stocks] 199/336: MDB
2026-01-04 21:12:24,039 - INFO - [stocks] 200/336: MDLZ
2026-01-04 21:12:26,574 - INFO - [stocks] 201/336: MDT
2026-01-04 21:12:29,381 - INFO - [stocks] 202/336: META
2026-01-04 21:12:29,806 - INFO - [stocks] 203/336: MGM
2026-01-04 21:12:31,295 - INFO - [stocks] 204/336: MMC
2026-01-04 21:12:32,844 - INFO - [stocks] 205/336: MNST
2026-01-04 21:12:34,831 - INFO - [stocks] 206/336: MO
2026-01-04 21:12:36,953 - INFO - [stocks] 207/336: MOS
2026-01-04 21:12:38,462 - INFO - [stocks] 208/336: MRK
2026-01-04 21:12:39,126 - INFO - [stocks] 209/336: MS
2026-01-04 21:12:40,694 - INFO - [stocks] 210/336: MSCI
2026-01-04 21:12:42,449 - INFO - [stocks] 211/336: MSFT
2026-01-04 21:12:44,554 - INFO - [stocks] 212/336: MSI
2026-01-04 21:12:46,070 - INFO - [stocks] 213/336: MTD
2026-01-04 21:12:47,633 - INFO - [stocks] 214/336: MU
2026-01-04 21:12:49,684 - INFO - [stocks] 215/336: NCLH
2026-01-04 21:12:51,538 - INFO - [stocks] 216/336: NDAQ
2026-01-04 21:12:52,925 - INFO - [stocks] 217/336: NEE
2026-01-04 21:12:54,807 - INFO - [stocks] 218/336: NET
2026-01-04 21:12:55,373 - INFO - [stocks] 219/336: NFLX
2026-01-04 21:12:56,561 - INFO - [stocks] 220/336: NKE
2026-01-04 21:12:57,725 - INFO - [stocks] 221/336: NLSN
2026-01-04 21:12:58,121 - ERROR - $NLSN: possibly delisted; no timezone found
2026-01-04 21:12:58,126 - ERROR - 
1 Failed download:
2026-01-04 21:12:58,127 - ERROR - ['NLSN']: possibly delisted; no timezone found
2026-01-04 21:12:58,129 - WARNING - No data for NLSN, skipping.
2026-01-04 21:12:58,130 - INFO - [stocks] 222/336: NOC
2026-01-04 21:13:00,357 - INFO - [stocks] 223/336: NOW
2026-01-04 21:13:01,611 - INFO - [stocks] 224/336: NRG
2026-01-04 21:13:03,261 - INFO - [stocks] 225/336: NSC
2026-01-04 21:13:05,142 - INFO - [stocks] 226/336: NTAP
2026-01-04 21:13:06,938 - INFO - [stocks] 227/336: NTRS
2026-01-04 21:13:08,944 - INFO - [stocks] 228/336: NVDA
2026-01-04 21:13:09,526 - INFO - [stocks] 229/336: NVR
2026-01-04 21:13:11,109 - INFO - [stocks] 230/336: NWL
2026-01-04 21:13:13,107 - INFO - [stocks] 231/336: O
2026-01-04 21:13:14,658 - INFO - [stocks] 232/336: ODFL
2026-01-04 21:13:16,149 - INFO - [stocks] 233/336: OKTA
2026-01-04 21:13:17,416 - INFO - [stocks] 234/336: ORCL
2026-01-04 21:13:18,485 - INFO - [stocks] 235/336: ORLY
2026-01-04 21:13:20,447 - INFO - [stocks] 236/336: OTIS
2026-01-04 21:13:21,877 - INFO - [stocks] 237/336: OXY
2026-01-04 21:13:24,382 - INFO - [stocks] 238/336: PANW
2026-01-04 21:13:26,668 - INFO - [stocks] 239/336: PATH
2026-01-04 21:13:36,092 - INFO - [stocks] 240/336: PAYC
2026-01-04 21:13:39,383 - INFO - [stocks] 241/336: PAYX
2026-01-04 21:13:41,294 - INFO - [stocks] 242/336: PCAR
2026-01-04 21:13:45,333 - INFO - [stocks] 243/336: PEP
2026-01-04 21:13:46,496 - INFO - [stocks] 244/336: PFE
2026-01-04 21:13:47,773 - INFO - [stocks] 245/336: PG
2026-01-04 21:13:52,397 - INFO - [stocks] 246/336: PGR
2026-01-04 21:13:56,334 - INFO - [stocks] 247/336: PH
2026-01-04 21:13:58,476 - INFO - [stocks] 248/336: PHM
2026-01-04 21:14:00,513 - INFO - [stocks] 249/336: PKI
2026-01-04 21:14:01,360 - ERROR - $PKI: possibly delisted; no timezone found
2026-01-04 21:14:01,364 - ERROR - 
1 Failed download:
2026-01-04 21:14:01,364 - ERROR - ['PKI']: possibly delisted; no timezone found
2026-01-04 21:14:01,367 - WARNING - No data for PKI, skipping.
2026-01-04 21:14:01,367 - INFO - [stocks] 250/336: PLD
2026-01-04 21:14:03,909 - INFO - [stocks] 251/336: PLTR
2026-01-04 21:14:04,397 - INFO - [stocks] 252/336: PM
2026-01-04 21:14:06,450 - INFO - [stocks] 253/336: PNC
2026-01-04 21:14:08,674 - INFO - [stocks] 254/336: PPL
2026-01-04 21:14:10,848 - INFO - [stocks] 255/336: PRU
2026-01-04 21:14:13,509 - INFO - [stocks] 256/336: PSA
2026-01-04 21:14:15,621 - INFO - [stocks] 257/336: PVH
2026-01-04 21:14:18,294 - INFO - [stocks] 258/336: PYPL
2026-01-04 21:14:19,001 - INFO - [stocks] 259/336: RAD
2026-01-04 21:14:19,868 - ERROR - $RAD: possibly delisted; no timezone found
2026-01-04 21:14:19,871 - ERROR - 
1 Failed download:
2026-01-04 21:14:19,872 - ERROR - ['RAD']: possibly delisted; no timezone found
2026-01-04 21:14:19,874 - WARNING - No data for RAD, skipping.
2026-01-04 21:14:19,874 - INFO - [stocks] 260/336: RCL
2026-01-04 21:14:22,471 - INFO - [stocks] 261/336: REGN
2026-01-04 21:14:24,349 - INFO - [stocks] 262/336: RHI
2026-01-04 21:14:27,234 - INFO - [stocks] 263/336: RIVN
2026-01-04 21:14:28,795 - INFO - [stocks] 264/336: RJF
2026-01-04 21:14:35,900 - INFO - [stocks] 265/336: ROL
2026-01-04 21:14:39,720 - INFO - [stocks] 266/336: ROP
2026-01-04 21:14:41,749 - INFO - [stocks] 267/336: ROST
2026-01-04 21:14:43,762 - INFO - [stocks] 268/336: RSG
2026-01-04 21:14:45,871 - INFO - [stocks] 269/336: SBUX
2026-01-04 21:14:46,849 - INFO - [stocks] 270/336: SCHW
2026-01-04 21:14:49,827 - INFO - [stocks] 271/336: SHAK
2026-01-04 21:14:51,577 - INFO - [stocks] 272/336: SHOP
2026-01-04 21:14:53,379 - INFO - [stocks] 273/336: SLB
2026-01-04 21:14:55,464 - INFO - [stocks] 274/336: SNOW
2026-01-04 21:14:55,923 - INFO - [stocks] 275/336: SNPS
2026-01-04 21:14:57,955 - INFO - [stocks] 276/336: SO
2026-01-04 21:14:59,900 - INFO - [stocks] 277/336: SPGI
2026-01-04 21:15:01,636 - INFO - [stocks] 278/336: SQ
2026-01-04 21:15:02,625 - ERROR - $SQ: possibly delisted; no timezone found
2026-01-04 21:15:02,630 - ERROR - 
1 Failed download:
2026-01-04 21:15:02,631 - ERROR - ['SQ']: possibly delisted; no timezone found
2026-01-04 21:15:02,633 - WARNING - No data for SQ, skipping.
2026-01-04 21:15:02,634 - INFO - [stocks] 279/336: SRE
2026-01-04 21:15:04,280 - INFO - [stocks] 280/336: STE
2026-01-04 21:15:06,727 - INFO - [stocks] 281/336: STT
2026-01-04 21:15:08,472 - INFO - [stocks] 282/336: STX
2026-01-04 21:15:15,342 - INFO - [stocks] 283/336: SWK
2026-01-04 21:15:16,986 - INFO - [stocks] 284/336: SYK
2026-01-04 21:15:18,688 - INFO - [stocks] 285/336: T
2026-01-04 21:15:21,286 - INFO - [stocks] 286/336: TDG
2026-01-04 21:15:23,227 - INFO - [stocks] 287/336: TDOC
2026-01-04 21:15:25,154 - INFO - [stocks] 288/336: TDY
2026-01-04 21:15:27,114 - INFO - [stocks] 289/336: TEAM
2026-01-04 21:15:33,828 - INFO - [stocks] 290/336: TEL
2026-01-04 21:15:37,360 - INFO - [stocks] 291/336: TFC
2026-01-04 21:15:39,622 - INFO - [stocks] 292/336: TFX
2026-01-04 21:15:41,787 - INFO - [stocks] 293/336: TGT
2026-01-04 21:15:44,115 - INFO - [stocks] 294/336: TJX
2026-01-04 21:15:46,537 - INFO - [stocks] 295/336: TMO
2026-01-04 21:15:49,379 - INFO - [stocks] 296/336: TOL
2026-01-04 21:15:51,464 - INFO - [stocks] 297/336: TPR
2026-01-04 21:15:53,420 - INFO - [stocks] 298/336: TRMB
2026-01-04 21:15:55,405 - INFO - [stocks] 299/336: TRU
2026-01-04 21:15:57,174 - INFO - [stocks] 300/336: TRV
2026-01-04 21:15:59,746 - INFO - [stocks] 301/336: TSCO
2026-01-04 21:16:02,178 - INFO - [stocks] 302/336: TSLA
2026-01-04 21:16:02,993 - INFO - [stocks] 303/336: TSN
2026-01-04 21:16:05,070 - INFO - [stocks] 304/336: TXN
2026-01-04 21:16:07,181 - INFO - [stocks] 305/336: TXT
2026-01-04 21:16:09,880 - INFO - [stocks] 306/336: UAL
2026-01-04 21:16:11,653 - INFO - [stocks] 307/336: UBER
2026-01-04 21:16:12,051 - INFO - [stocks] 308/336: UHS
2026-01-04 21:16:13,984 - INFO - [stocks] 309/336: ULTA
2026-01-04 21:16:15,366 - INFO - [stocks] 310/336: UNH
2026-01-04 21:16:16,812 - INFO - [stocks] 311/336: UNP
2026-01-04 21:16:18,529 - INFO - [stocks] 312/336: UPS
2026-01-04 21:16:20,249 - INFO - [stocks] 313/336: USB
2026-01-04 21:16:21,823 - INFO - [stocks] 314/336: V
2026-01-04 21:16:22,677 - INFO - [stocks] 315/336: VLO
2026-01-04 21:16:25,649 - INFO - [stocks] 316/336: VRSK
2026-01-04 21:16:27,138 - INFO - [stocks] 317/336: VRTX
2026-01-04 21:16:29,039 - INFO - [stocks] 318/336: WAT
2026-01-04 21:16:35,782 - INFO - [stocks] 319/336: WBA
2026-01-04 21:16:37,702 - ERROR - $WBA: possibly delisted; no timezone found
2026-01-04 21:16:37,710 - ERROR - 
1 Failed download:
2026-01-04 21:16:37,711 - ERROR - ['WBA']: possibly delisted; no timezone found
2026-01-04 21:16:37,713 - WARNING - No data for WBA, skipping.
2026-01-04 21:16:37,713 - INFO - [stocks] 320/336: WDC
2026-01-04 21:16:40,079 - INFO - [stocks] 321/336: WELL
2026-01-04 21:16:42,989 - INFO - [stocks] 322/336: WFC
2026-01-04 21:16:45,176 - INFO - [stocks] 323/336: WH
2026-01-04 21:16:46,872 - INFO - [stocks] 324/336: WHR
2026-01-04 21:16:49,024 - INFO - [stocks] 325/336: WING
2026-01-04 21:16:50,877 - INFO - [stocks] 326/336: WM
2026-01-04 21:16:53,626 - INFO - [stocks] 327/336: WMT
2026-01-04 21:16:54,209 - INFO - [stocks] 328/336: WRK
2026-01-04 21:16:54,768 - ERROR - $WRK: possibly delisted; no timezone found
2026-01-04 21:16:54,772 - ERROR - 
1 Failed download:
2026-01-04 21:16:54,773 - ERROR - ['WRK']: possibly delisted; no timezone found
2026-01-04 21:16:54,774 - WARNING - No data for WRK, skipping.
2026-01-04 21:16:54,774 - INFO - [stocks] 329/336: WSM
2026-01-04 21:16:56,128 - INFO - [stocks] 330/336: WYNN
2026-01-04 21:16:58,206 - INFO - [stocks] 331/336: XOM
2026-01-04 21:16:59,834 - INFO - [stocks] 332/336: YUM
2026-01-04 21:17:01,332 - INFO - [stocks] 333/336: ZBH
2026-01-04 21:17:02,894 - INFO - [stocks] 334/336: ZBRA
2026-01-04 21:17:04,676 - INFO - [stocks] 335/336: ZS
2026-01-04 21:17:06,651 - INFO - [stocks] 336/336: ZTS
2026-01-04 21:17:07,940 - INFO - --- Processing etf_tickers.txt (Type: etfs) | 27 tickers ---
2026-01-04 21:17:07,940 - INFO - [etfs] 1/27: ARKK
2026-01-04 21:17:09,579 - INFO - [etfs] 2/27: BND
2026-01-04 21:17:11,148 - INFO - [etfs] 3/27: DIA
2026-01-04 21:17:12,692 - INFO - [etfs] 4/27: EFA
2026-01-04 21:17:18,563 - INFO - [etfs] 5/27: HYG
2026-01-04 21:17:24,398 - INFO - [etfs] 6/27: IEF
2026-01-04 21:17:30,485 - INFO - [etfs] 7/27: IWM
2026-01-04 21:17:40,335 - INFO - [etfs] 8/27: JEPI
2026-01-04 21:17:44,401 - INFO - [etfs] 9/27: LQD
2026-01-04 21:17:51,350 - INFO - [etfs] 10/27: QQQ
2026-01-04 21:17:58,199 - INFO - [etfs] 11/27: SCHD
2026-01-04 21:18:03,458 - INFO - [etfs] 12/27: SPY
2026-01-04 21:18:08,970 - INFO - [etfs] 13/27: TLT
2026-01-04 21:18:17,149 - INFO - [etfs] 14/27: VEA
2026-01-04 21:18:18,621 - INFO - [etfs] 15/27: VOO
2026-01-04 21:18:20,563 - INFO - [etfs] 16/27: VT
2026-01-04 21:18:21,854 - INFO - [etfs] 17/27: VTI
2026-01-04 21:18:23,275 - INFO - [etfs] 18/27: VWO
2026-01-04 21:18:25,127 - INFO - [etfs] 19/27: VYM
2026-01-04 21:18:26,569 - INFO - [etfs] 20/27: XLE
2026-01-04 21:18:28,538 - INFO - [etfs] 21/27: XLF
2026-01-04 21:18:30,356 - INFO - [etfs] 22/27: XLI
2026-01-04 21:18:31,861 - INFO - [etfs] 23/27: XLK
2026-01-04 21:18:33,407 - INFO - [etfs] 24/27: XLP
2026-01-04 21:18:34,934 - INFO - [etfs] 25/27: XLRE
2026-01-04 21:18:36,746 - INFO - [etfs] 26/27: XLV
2026-01-04 21:18:38,643 - INFO - [etfs] 27/27: XLY
2026-01-04 21:18:40,320 - INFO - --- Processing commodities_tickers.txt (Type: commodities) | 20 tickers ---
2026-01-04 21:18:40,320 - INFO - [commodities] 1/20: CC=F
2026-01-04 21:18:42,822 - INFO - [commodities] 2/20: CL=F
2026-01-04 21:18:45,437 - INFO - [commodities] 3/20: CT=F
2026-01-04 21:18:56,963 - INFO - [commodities] 4/20: GC=F
2026-01-04 21:19:07,688 - INFO - [commodities] 5/20: HE=F
2026-01-04 21:19:11,673 - INFO - [commodities] 6/20: HG=F
2026-01-04 21:19:13,867 - INFO - [commodities] 7/20: HO=F
2026-01-04 21:19:16,009 - INFO - [commodities] 8/20: KC=F
2026-01-04 21:19:17,523 - INFO - [commodities] 9/20: LBS=F
2026-01-04 21:19:19,358 - INFO - [commodities] 10/20: LE=F
2026-01-04 21:19:22,288 - INFO - [commodities] 11/20: NG=F
2026-01-04 21:19:24,042 - INFO - [commodities] 12/20: OJ=F
2026-01-04 21:19:25,512 - INFO - [commodities] 13/20: PA=F
2026-01-04 21:19:27,325 - INFO - [commodities] 14/20: PL=F
2026-01-04 21:19:29,231 - INFO - [commodities] 15/20: RB=F
2026-01-04 21:19:36,077 - INFO - [commodities] 16/20: SB=F
2026-01-04 21:19:37,647 - INFO - [commodities] 17/20: SI=F
2026-01-04 21:19:39,057 - INFO - [commodities] 18/20: ZC=F
2026-01-04 21:19:40,669 - INFO - [commodities] 19/20: ZS=F
2026-01-04 21:19:41,928 - INFO - [commodities] 20/20: ZW=F
2026-01-04 21:19:44,091 - INFO - --- Processing mutualfunds_tickers.txt (Type: mutualfunds) | 20 tickers ---
2026-01-04 21:19:44,091 - INFO - [mutualfunds] 1/20: AGTHX
2026-01-04 21:19:45,680 - INFO - [mutualfunds] 2/20: FCNTX
2026-01-04 21:19:53,179 - INFO - [mutualfunds] 3/20: FDGRX
2026-01-04 21:19:55,347 - INFO - [mutualfunds] 4/20: FXAIX
2026-01-04 21:19:56,057 - INFO - [mutualfunds] 5/20: PREIX
2026-01-04 21:19:58,765 - INFO - [mutualfunds] 6/20: PRGFX
2026-01-04 21:20:00,852 - INFO - [mutualfunds] 7/20: SWPPX
2026-01-04 21:20:01,709 - INFO - [mutualfunds] 8/20: TRBCX
2026-01-04 21:20:03,350 - INFO - [mutualfunds] 9/20: VBMFX
2026-01-04 21:20:05,665 - INFO - [mutualfunds] 10/20: VBTLX
2026-01-04 21:20:07,478 - INFO - [mutualfunds] 11/20: VFIAX
2026-01-04 21:20:08,335 - INFO - [mutualfunds] 12/20: VFINX
2026-01-04 21:20:10,700 - INFO - [mutualfunds] 13/20: VGTSX
2026-01-04 21:20:14,636 - INFO - [mutualfunds] 14/20: VIGAX
2026-01-04 21:20:17,522 - INFO - [mutualfunds] 15/20: VIMAX
2026-01-04 21:20:19,730 - INFO - [mutualfunds] 16/20: VSMAX
2026-01-04 21:20:20,480 - INFO - [mutualfunds] 17/20: VTIAX
2026-01-04 21:20:22,174 - INFO - [mutualfunds] 18/20: VTSAX
2026-01-04 21:20:22,920 - INFO - [mutualfunds] 19/20: VTSMX
2026-01-04 21:20:24,713 - INFO - [mutualfunds] 20/20: VWENX
2026-01-04 21:20:25,970 - INFO - --- Processing etfs_tickers.txt (Type: etfs) | 36 tickers ---
2026-01-04 21:20:25,970 - INFO - [etfs] 1/36: AGG
2026-01-04 21:20:28,123 - INFO - [etfs] 2/36: ARKK
2026-01-04 21:20:28,677 - INFO - [etfs] 3/36: BND
2026-01-04 21:20:29,385 - INFO - [etfs] 4/36: DIA
2026-01-04 21:20:30,174 - INFO - [etfs] 5/36: EFA
2026-01-04 21:20:31,581 - INFO - [etfs] 6/36: GLD
2026-01-04 21:20:33,041 - INFO - [etfs] 7/36: IEFA
2026-01-04 21:20:34,609 - INFO - [etfs] 8/36: IEMG
2026-01-04 21:20:36,228 - INFO - [etfs] 9/36: IVV
2026-01-04 21:20:38,202 - INFO - [etfs] 10/36: IWM
2026-01-04 21:20:40,040 - INFO - [etfs] 11/36: LQD
2026-01-04 21:20:40,798 - INFO - [etfs] 12/36: QQQ
2026-01-04 21:20:41,567 - INFO - [etfs] 13/36: SMH
2026-01-04 21:20:43,960 - INFO - [etfs] 14/36: SOXX
2026-01-04 21:20:46,782 - INFO - [etfs] 15/36: SPY
2026-01-04 21:20:48,426 - INFO - [etfs] 16/36: SQQQ
2026-01-04 21:20:50,321 - INFO - [etfs] 17/36: TLT
2026-01-04 21:20:51,404 - INFO - [etfs] 18/36: TQQQ
2026-01-04 21:20:53,468 - INFO - [etfs] 19/36: VEA
2026-01-04 21:20:54,345 - INFO - [etfs] 20/36: VGT
2026-01-04 21:21:01,888 - INFO - [etfs] 21/36: VIG
2026-01-04 21:21:04,675 - INFO - [etfs] 22/36: VNQ
2026-01-04 21:21:06,720 - INFO - [etfs] 23/36: VOO
2026-01-04 21:21:07,901 - INFO - [etfs] 24/36: VTI
2026-01-04 21:21:08,853 - INFO - [etfs] 25/36: VTV
2026-01-04 21:21:13,105 - INFO - [etfs] 26/36: VUG
2026-01-04 21:21:15,262 - INFO - [etfs] 27/36: VXUS
2026-01-04 21:21:17,520 - INFO - [etfs] 28/36: XLB
2026-01-04 21:21:19,523 - INFO - [etfs] 29/36: XLE
2026-01-04 21:21:21,222 - INFO - [etfs] 30/36: XLF
2026-01-04 21:21:22,715 - INFO - [etfs] 31/36: XLI
2026-01-04 21:21:23,771 - INFO - [etfs] 32/36: XLK
2026-01-04 21:21:24,758 - INFO - [etfs] 33/36: XLP
2026-01-04 21:21:25,791 - INFO - [etfs] 34/36: XLU
2026-01-04 21:21:28,139 - INFO - [etfs] 35/36: XLV
2026-01-04 21:21:29,731 - INFO - [etfs] 36/36: XLY
2026-01-04 21:21:30,874 - INFO - ==============================
2026-01-04 21:21:30,874 - INFO - REFRESH SYSTEM SUMMARY
2026-01-04 21:21:30,875 - INFO - Files Processed:   8
2026-01-04 21:21:30,875 - INFO - Total Attempted:   532
2026-01-04 21:21:30,875 - INFO - Successfully DL:   518
2026-01-04 21:21:30,875 - INFO - Successfully Load: 518
2026-01-04 21:21:30,875 - INFO - Skipped:           14
2026-01-04 21:21:30,875 - INFO - Failed Load:       0
2026-01-04 21:21:30,875 - INFO - ==============================
2026-01-04 21:32:05,217 - INFO - Found 8 ticker files.
2026-01-04 21:32:05,217 - INFO - --- Processing crypto_tickers.txt (Type: crypto) | 25 tickers ---
2026-01-04 21:32:05,217 - INFO - [crypto] 1/25: AAVE-USD
2026-01-04 21:32:06,565 - INFO - [crypto] 2/25: ADA-USD
2026-01-04 21:32:07,327 - INFO - [crypto] 3/25: ALGO-USD
2026-01-04 21:32:08,061 - INFO - [crypto] 4/25: ATOM-USD
2026-01-04 21:32:08,841 - INFO - [crypto] 5/25: AVAX-USD
2026-01-04 21:32:10,028 - INFO - [crypto] 6/25: BCH-USD
2026-01-04 21:32:10,777 - INFO - [crypto] 7/25: BTC-USD
2026-01-04 21:32:11,618 - INFO - [crypto] 8/25: DOGE-USD
2026-01-04 21:32:12,381 - INFO - [crypto] 9/25: DOT-USD
2026-01-04 21:32:13,070 - INFO - [crypto] 10/25: EOS-USD
2026-01-04 21:32:14,408 - INFO - [crypto] 11/25: ETC-USD
2026-01-04 21:32:15,252 - INFO - [crypto] 12/25: ETH-USD
2026-01-04 21:32:16,120 - INFO - [crypto] 13/25: FIL-USD
2026-01-04 21:32:16,742 - INFO - [crypto] 14/25: LINK-USD
2026-01-04 21:32:17,445 - INFO - [crypto] 15/25: LTC-USD
2026-01-04 21:32:18,549 - INFO - [crypto] 16/25: MATIC-USD
2026-01-04 21:32:19,064 - INFO - [crypto] 17/25: MKR-USD
2026-01-04 21:32:19,691 - INFO - [crypto] 18/25: SHIB-USD
2026-01-04 21:32:20,076 - INFO - [crypto] 19/25: SOL-USD
2026-01-04 21:32:20,498 - INFO - [crypto] 20/25: TRX-USD
2026-01-04 21:32:21,621 - INFO - [crypto] 21/25: UNI7083-USD
2026-01-04 21:32:22,083 - INFO - [crypto] 22/25: VET-USD
2026-01-04 21:32:22,601 - INFO - [crypto] 23/25: XLM-USD
2026-01-04 21:32:23,119 - INFO - [crypto] 24/25: XMR-USD
2026-01-04 21:32:23,706 - INFO - [crypto] 25/25: XRP-USD
2026-01-04 21:32:24,993 - INFO - --- Processing stocks_tickers.txt (Type: stocks) | 50 tickers ---
2026-01-04 21:32:24,993 - INFO - [stocks] 1/50: AAPL
2026-01-04 21:32:25,799 - INFO - [stocks] 2/50: ABBV
2026-01-04 21:32:26,738 - INFO - [stocks] 3/50: ABNB
2026-01-04 21:32:27,194 - INFO - [stocks] 4/50: ADBE
2026-01-04 21:32:27,874 - INFO - [stocks] 5/50: AMD
2026-01-04 21:32:29,310 - INFO - [stocks] 6/50: AMZN
2026-01-04 21:32:30,156 - INFO - [stocks] 7/50: AVGO
2026-01-04 21:32:30,917 - INFO - [stocks] 8/50: BABA
2026-01-04 21:32:31,422 - INFO - [stocks] 9/50: BAC
2026-01-04 21:32:32,308 - INFO - [stocks] 10/50: BRK-B
2026-01-04 21:32:33,557 - INFO - [stocks] 11/50: COST
2026-01-04 21:32:34,380 - INFO - [stocks] 12/50: CRM
2026-01-04 21:32:35,090 - INFO - [stocks] 13/50: CSCO
2026-01-04 21:32:35,862 - INFO - [stocks] 14/50: CVX
2026-01-04 21:32:36,914 - INFO - [stocks] 15/50: DIS
2026-01-04 21:32:38,201 - INFO - [stocks] 16/50: GOOGL
2026-01-04 21:32:39,061 - INFO - [stocks] 17/50: HD
2026-01-04 21:32:39,831 - INFO - [stocks] 18/50: INTC
2026-01-04 21:32:40,613 - INFO - [stocks] 19/50: JNJ
2026-01-04 21:32:41,394 - INFO - [stocks] 20/50: JPM
2026-01-04 21:32:43,073 - INFO - [stocks] 21/50: KO
2026-01-04 21:32:44,188 - INFO - [stocks] 22/50: MA
2026-01-04 21:32:45,116 - INFO - [stocks] 23/50: MCD
2026-01-04 21:32:46,281 - INFO - [stocks] 24/50: META
2026-01-04 21:32:46,973 - INFO - [stocks] 25/50: MRK
2026-01-04 21:32:48,533 - INFO - [stocks] 26/50: MSFT
2026-01-04 21:32:49,574 - INFO - [stocks] 27/50: NET
2026-01-04 21:32:50,321 - INFO - [stocks] 28/50: NFLX
2026-01-04 21:32:51,499 - INFO - [stocks] 29/50: NKE
2026-01-04 21:32:52,519 - INFO - [stocks] 30/50: NVDA
2026-01-04 21:32:54,030 - INFO - [stocks] 31/50: ORCL
2026-01-04 21:32:55,083 - INFO - [stocks] 32/50: PEP
2026-01-04 21:32:56,120 - INFO - [stocks] 33/50: PFE
2026-01-04 21:32:58,393 - INFO - [stocks] 34/50: PG
2026-01-04 21:32:59,506 - INFO - [stocks] 35/50: PLTR
2026-01-04 21:33:00,308 - INFO - [stocks] 36/50: PYPL
2026-01-04 21:33:00,734 - INFO - [stocks] 37/50: ROKU
2026-01-04 21:33:01,279 - INFO - [stocks] 38/50: SBUX
2026-01-04 21:33:02,411 - INFO - [stocks] 39/50: SHOP
2026-01-04 21:33:02,764 - INFO - [stocks] 40/50: SNOW
2026-01-04 21:33:03,524 - INFO - [stocks] 41/50: SONY
2026-01-04 21:33:04,761 - INFO - [stocks] 42/50: SQ
2026-01-04 21:33:05,738 - ERROR - $SQ: possibly delisted; no timezone found
2026-01-04 21:33:05,748 - ERROR - 
1 Failed download:
2026-01-04 21:33:05,748 - ERROR - ['SQ']: possibly delisted; no timezone found
2026-01-04 21:33:05,750 - WARNING - No data for SQ, skipping.
2026-01-04 21:33:05,750 - INFO - [stocks] 43/50: SSNLF
2026-01-04 21:33:05,995 - ERROR - SSNLF: auto_adjust failed with unsupported operand type(s) for /: 'str' and 'float'
2026-01-04 21:33:05,996 - ERROR - 
1 Failed download:
2026-01-04 21:33:05,996 - ERROR - ['SSNLF']: auto_adjust failed with unsupported operand type(s) for /: 'str' and 'float'
2026-01-04 21:33:05,999 - WARNING - No data for SSNLF, skipping.
2026-01-04 21:33:05,999 - INFO - [stocks] 44/50: TM
2026-01-04 21:33:06,251 - INFO - [stocks] 45/50: TMO
2026-01-04 21:33:07,299 - INFO - [stocks] 46/50: TSLA
2026-01-04 21:33:07,664 - INFO - [stocks] 47/50: UBER
2026-01-04 21:33:07,959 - INFO - [stocks] 48/50: UNH
2026-01-04 21:33:09,000 - INFO - [stocks] 49/50: V
2026-01-04 21:33:09,619 - INFO - [stocks] 50/50: WMT
2026-01-04 21:33:10,756 - INFO - --- Processing mutualfund_tickers.txt (Type: mutualfunds) | 18 tickers ---
2026-01-04 21:33:10,756 - INFO - [mutualfunds] 1/18: DFLVX
2026-01-04 21:33:11,932 - INFO - [mutualfunds] 2/18: FSMAX
2026-01-04 21:33:12,712 - INFO - [mutualfunds] 3/18: FSPGX
2026-01-04 21:33:13,018 - INFO - [mutualfunds] 4/18: FXAIX
2026-01-04 21:33:13,398 - INFO - [mutualfunds] 5/18: FZROX
2026-01-04 21:33:14,373 - INFO - [mutualfunds] 6/18: PRNHX
2026-01-04 21:33:15,450 - INFO - [mutualfunds] 7/18: SWPPX
2026-01-04 21:33:16,059 - INFO - [mutualfunds] 8/18: TRBCX
2026-01-04 21:33:17,105 - INFO - [mutualfunds] 9/18: VASIX
2026-01-04 21:33:17,879 - INFO - [mutualfunds] 10/18: VBTLX
2026-01-04 21:33:18,937 - INFO - [mutualfunds] 11/18: VFIAX
2026-01-04 21:33:19,903 - INFO - [mutualfunds] 12/18: VIMSX
2026-01-04 21:33:20,653 - INFO - [mutualfunds] 13/18: VSMAX
2026-01-04 21:33:21,179 - INFO - [mutualfunds] 14/18: VTSAX
2026-01-04 21:33:21,805 - INFO - [mutualfunds] 15/18: VWENX
2026-01-04 21:33:23,246 - INFO - [mutualfunds] 16/18: VWLTX
2026-01-04 21:33:23,938 - INFO - [mutualfunds] 17/18: VWLUX
2026-01-04 21:33:24,771 - INFO - [mutualfunds] 18/18: VWUSX
2026-01-04 21:33:25,747 - INFO - --- Processing sp500_tickers.txt (Type: stocks) | 336 tickers ---
2026-01-04 21:33:25,747 - INFO - [stocks] 1/336: A
2026-01-04 21:33:26,350 - INFO - [stocks] 2/336: AAL
2026-01-04 21:33:29,303 - INFO - [stocks] 3/336: AAPL
2026-01-04 21:33:30,342 - INFO - [stocks] 4/336: ABBV
2026-01-04 21:33:31,213 - INFO - [stocks] 5/336: ABMD
2026-01-04 21:33:32,122 - ERROR - $ABMD: possibly delisted; no timezone found
2026-01-04 21:33:32,129 - ERROR - 
1 Failed download:
2026-01-04 21:33:32,130 - ERROR - ['ABMD']: possibly delisted; no timezone found
2026-01-04 21:33:32,132 - WARNING - No data for ABMD, skipping.
2026-01-04 21:33:32,132 - INFO - [stocks] 6/336: ABNB
2026-01-04 21:33:32,540 - INFO - [stocks] 7/336: ABT
2026-01-04 21:33:34,715 - INFO - [stocks] 8/336: ACN
2026-01-04 21:33:35,376 - INFO - [stocks] 9/336: ADBE
2026-01-04 21:33:37,972 - INFO - [stocks] 10/336: ADI
2026-01-04 21:33:39,610 - INFO - [stocks] 11/336: ADM
2026-01-04 21:33:40,311 - INFO - [stocks] 12/336: ADP
2026-01-04 21:33:42,771 - INFO - [stocks] 13/336: ADSK
2026-01-04 21:33:45,967 - INFO - [stocks] 14/336: AEP
2026-01-04 21:33:47,101 - INFO - [stocks] 15/336: AFL
2026-01-04 21:33:48,486 - INFO - [stocks] 16/336: AIG
2026-01-04 21:33:49,232 - INFO - [stocks] 17/336: AKAM
2026-01-04 21:33:50,068 - INFO - [stocks] 18/336: ALB
2026-01-04 21:33:50,888 - INFO - [stocks] 19/336: ALGN
2026-01-04 21:34:00,897 - ERROR - 
1 Failed download:
2026-01-04 21:34:00,897 - ERROR - ['ALGN']: TypeError("'NoneType' object is not subscriptable")
2026-01-04 21:34:00,901 - WARNING - No data for ALGN, skipping.
2026-01-04 21:34:00,902 - INFO - [stocks] 20/336: ALLY
2026-01-04 21:34:01,773 - INFO - [stocks] 21/336: AMAT
2026-01-04 21:34:02,881 - INFO - [stocks] 22/336: AMD
2026-01-04 21:34:04,377 - INFO - [stocks] 23/336: AMGN
2026-01-04 21:34:04,956 - INFO - [stocks] 24/336: AMP
2026-01-04 21:34:05,440 - INFO - [stocks] 25/336: AMZN
2026-01-04 21:34:06,903 - INFO - [stocks] 26/336: ANSS
2026-01-04 21:34:07,717 - ERROR - $ANSS: possibly delisted; no timezone found
2026-01-04 21:34:07,718 - ERROR - 
1 Failed download:
2026-01-04 21:34:07,718 - ERROR - ['ANSS']: possibly delisted; no timezone found
2026-01-04 21:34:07,721 - WARNING - No data for ANSS, skipping.
2026-01-04 21:34:07,721 - INFO - [stocks] 27/336: ANTM
2026-01-04 21:34:08,263 - ERROR - $ANTM: possibly delisted; no timezone found
2026-01-04 21:34:08,265 - ERROR - 
1 Failed download:
2026-01-04 21:34:08,265 - ERROR - ['ANTM']: possibly delisted; no timezone found
2026-01-04 21:34:08,267 - WARNING - No data for ANTM, skipping.
2026-01-04 21:34:08,267 - INFO - [stocks] 28/336: AON
2026-01-04 21:34:09,507 - INFO - [stocks] 29/336: AOS
2026-01-04 21:34:10,775 - INFO - [stocks] 30/336: APA
2026-01-04 21:34:11,838 - INFO - [stocks] 31/336: APD
2026-01-04 21:34:12,458 - INFO - [stocks] 32/336: AVGO
2026-01-04 21:34:13,077 - INFO - [stocks] 33/336: AXP
2026-01-04 21:34:14,497 - INFO - [stocks] 34/336: AZO
2026-01-04 21:34:15,016 - INFO - [stocks] 35/336: BA
2026-01-04 21:34:16,128 - INFO - [stocks] 36/336: BAC
2026-01-04 21:34:17,371 - INFO - [stocks] 37/336: BAX
2026-01-04 21:34:18,018 - INFO - [stocks] 38/336: BBBY
2026-01-04 21:34:18,523 - INFO - [stocks] 39/336: BBWI
2026-01-04 21:34:19,359 - INFO - [stocks] 40/336: BBY
2026-01-04 21:34:20,788 - INFO - [stocks] 41/336: BG
2026-01-04 21:34:21,465 - INFO - [stocks] 42/336: BIIB
2026-01-04 21:34:21,995 - INFO - [stocks] 43/336: BIO
2026-01-04 21:34:23,080 - INFO - [stocks] 44/336: BK
2026-01-04 21:34:23,643 - INFO - [stocks] 45/336: BKNG
2026-01-04 21:34:24,697 - INFO - [stocks] 46/336: BKR
2026-01-04 21:34:25,825 - INFO - [stocks] 47/336: BLK
2026-01-04 21:34:27,181 - INFO - [stocks] 48/336: BR
2026-01-04 21:34:27,766 - INFO - [stocks] 49/336: BRK-B
2026-01-04 21:34:28,325 - INFO - [stocks] 50/336: BRKR
2026-01-04 21:34:29,893 - INFO - [stocks] 51/336: BSX
2026-01-04 21:34:30,765 - INFO - [stocks] 52/336: BURL
2026-01-04 21:34:31,113 - INFO - [stocks] 53/336: BX
2026-01-04 21:34:31,585 - INFO - [stocks] 54/336: C
2026-01-04 21:34:32,754 - INFO - [stocks] 55/336: CAH
2026-01-04 21:34:34,672 - INFO - [stocks] 56/336: CARR
2026-01-04 21:34:34,939 - INFO - [stocks] 57/336: CAT
2026-01-04 21:34:35,555 - INFO - [stocks] 58/336: CB
2026-01-04 21:34:36,763 - INFO - [stocks] 59/336: CBRE
2026-01-04 21:34:37,666 - INFO - [stocks] 60/336: CCL
2026-01-04 21:34:38,790 - INFO - [stocks] 61/336: CDNS
2026-01-04 21:34:39,305 - INFO - [stocks] 62/336: CDW
2026-01-04 21:34:39,920 - INFO - [stocks] 63/336: CF
2026-01-04 21:34:40,506 - INFO - [stocks] 64/336: CHD
2026-01-04 21:34:41,090 - INFO - [stocks] 65/336: CHRW
2026-01-04 21:34:42,763 - INFO - [stocks] 66/336: CHTR
2026-01-04 21:34:43,458 - INFO - [stocks] 67/336: CI
2026-01-04 21:34:44,138 - INFO - [stocks] 68/336: CL
2026-01-04 21:34:44,767 - INFO - [stocks] 69/336: CLX
2026-01-04 21:34:45,601 - INFO - [stocks] 70/336: CME
2026-01-04 21:34:47,343 - INFO - [stocks] 71/336: CMG
2026-01-04 21:34:48,830 - INFO - [stocks] 72/336: CMI
2026-01-04 21:34:49,430 - INFO - [stocks] 73/336: CNC
2026-01-04 21:34:50,274 - INFO - [stocks] 74/336: COF
2026-01-04 21:34:51,351 - INFO - [stocks] 75/336: COP
2026-01-04 21:34:52,537 - INFO - [stocks] 76/336: COST
2026-01-04 21:35:02,549 - ERROR - 
1 Failed download:
2026-01-04 21:35:02,549 - ERROR - ['COST']: TypeError("'NoneType' object is not subscriptable")
2026-01-04 21:35:02,552 - WARNING - No data for COST, skipping.
2026-01-04 21:35:02,552 - INFO - [stocks] 77/336: CP
2026-01-04 21:35:03,490 - INFO - [stocks] 78/336: CRM
2026-01-04 21:35:04,462 - INFO - [stocks] 79/336: CRWD
2026-01-04 21:35:04,889 - INFO - [stocks] 80/336: CSCO
2026-01-04 21:35:06,438 - INFO - [stocks] 81/336: CSX
2026-01-04 21:35:07,254 - INFO - [stocks] 82/336: CTAS
2026-01-04 21:35:08,738 - INFO - [stocks] 83/336: CTLT
2026-01-04 21:35:09,173 - ERROR - $CTLT: possibly delisted; no timezone found
2026-01-04 21:35:09,174 - ERROR - 
1 Failed download:
2026-01-04 21:35:09,174 - ERROR - ['CTLT']: possibly delisted; no timezone found
2026-01-04 21:35:09,177 - WARNING - No data for CTLT, skipping.
2026-01-04 21:35:09,177 - INFO - [stocks] 84/336: CTSH
2026-01-04 21:35:10,890 - INFO - [stocks] 85/336: CVS
2026-01-04 21:35:12,601 - INFO - [stocks] 86/336: CVX
2026-01-04 21:35:13,643 - INFO - [stocks] 87/336: D
2026-01-04 21:35:14,474 - INFO - [stocks] 88/336: DAL
2026-01-04 21:35:15,379 - INFO - [stocks] 89/336: DASH
2026-01-04 21:35:16,013 - INFO - [stocks] 90/336: DDOG
2026-01-04 21:35:17,039 - INFO - [stocks] 91/336: DE
2026-01-04 21:35:17,723 - INFO - [stocks] 92/336: DELL
2026-01-04 21:35:18,253 - INFO - [stocks] 93/336: DFS
2026-01-04 21:35:18,844 - ERROR - $DFS: possibly delisted; no timezone found
2026-01-04 21:35:18,848 - ERROR - 
1 Failed download:
2026-01-04 21:35:18,848 - ERROR - ['DFS']: possibly delisted; no timezone found
2026-01-04 21:35:18,851 - WARNING - No data for DFS, skipping.
2026-01-04 21:35:18,851 - INFO - [stocks] 94/336: DG
2026-01-04 21:35:19,340 - INFO - [stocks] 95/336: DGX
2026-01-04 21:35:20,959 - INFO - [stocks] 96/336: DHI
2026-01-04 21:35:21,743 - INFO - [stocks] 97/336: DHR
2026-01-04 21:35:22,590 - INFO - [stocks] 98/336: DIS
2026-01-04 21:35:23,265 - INFO - [stocks] 99/336: DLR
2026-01-04 21:35:24,183 - INFO - [stocks] 100/336: DLTR
2026-01-04 21:35:25,799 - INFO - [stocks] 101/336: DOCU
2026-01-04 21:35:26,149 - INFO - [stocks] 102/336: DOW
2026-01-04 21:35:26,463 - INFO - [stocks] 103/336: DPZ
2026-01-04 21:35:27,149 - INFO - [stocks] 104/336: DRI
2026-01-04 21:35:28,550 - INFO - [stocks] 105/336: DUK
2026-01-04 21:35:29,674 - INFO - [stocks] 106/336: DVN
2026-01-04 21:35:30,329 - INFO - [stocks] 107/336: ECL
2026-01-04 21:35:31,585 - INFO - [stocks] 108/336: ED
2026-01-04 21:35:32,650 - INFO - [stocks] 109/336: EFX
2026-01-04 21:35:33,256 - INFO - [stocks] 110/336: EL
2026-01-04 21:35:34,331 - INFO - [stocks] 111/336: ELV
2026-01-04 21:35:35,433 - INFO - [stocks] 112/336: EMR
2026-01-04 21:35:36,585 - INFO - [stocks] 113/336: EOG
2026-01-04 21:35:37,198 - INFO - [stocks] 114/336: EQIX
2026-01-04 21:35:37,718 - INFO - [stocks] 115/336: ETN
2026-01-04 21:35:39,070 - INFO - [stocks] 116/336: EW
2026-01-04 21:35:39,992 - INFO - [stocks] 117/336: EXC
2026-01-04 21:35:40,610 - INFO - [stocks] 118/336: EXPD
2026-01-04 21:35:41,193 - INFO - [stocks] 119/336: EXPE
2026-01-04 21:35:42,190 - INFO - [stocks] 120/336: F
2026-01-04 21:35:43,540 - INFO - [stocks] 121/336: FCX
2026-01-04 21:35:44,127 - INFO - [stocks] 122/336: FDX
2026-01-04 21:35:44,665 - INFO - [stocks] 123/336: FFIV
2026-01-04 21:35:45,643 - INFO - [stocks] 124/336: FI
2026-01-04 21:35:46,749 - INFO - [stocks] 125/336: FIS
2026-01-04 21:35:48,047 - INFO - [stocks] 126/336: FISV
2026-01-04 21:35:48,566 - INFO - [stocks] 127/336: FLT
2026-01-04 21:35:49,213 - ERROR - $FLT: possibly delisted; no timezone found
2026-01-04 21:35:49,214 - ERROR - 
1 Failed download:
2026-01-04 21:35:49,214 - ERROR - ['FLT']: possibly delisted; no timezone found
2026-01-04 21:35:49,216 - WARNING - No data for FLT, skipping.
2026-01-04 21:35:49,216 - INFO - [stocks] 128/336: FMC
2026-01-04 21:35:50,678 - INFO - [stocks] 129/336: FTNT
2026-01-04 21:35:51,125 - INFO - [stocks] 130/336: GD
2026-01-04 21:35:52,245 - INFO - [stocks] 131/336: GE
2026-01-04 21:35:53,665 - INFO - [stocks] 132/336: GEHC
2026-01-04 21:35:54,037 - INFO - [stocks] 133/336: GILD
2026-01-04 21:35:54,576 - INFO - [stocks] 134/336: GLW
2026-01-04 21:35:55,149 - INFO - [stocks] 135/336: GM
2026-01-04 21:35:56,411 - INFO - [stocks] 136/336: GOOG
2026-01-04 21:35:57,464 - INFO - [stocks] 137/336: GOOGL
2026-01-04 21:35:58,184 - INFO - [stocks] 138/336: GPN
2026-01-04 21:35:59,111 - INFO - [stocks] 139/336: GRMN
2026-01-04 21:35:59,838 - INFO - [stocks] 140/336: GS
2026-01-04 21:36:01,140 - INFO - [stocks] 141/336: H
2026-01-04 21:36:01,776 - INFO - [stocks] 142/336: HAL
2026-01-04 21:36:02,629 - INFO - [stocks] 143/336: HAS
2026-01-04 21:36:03,430 - INFO - [stocks] 144/336: HCA
2026-01-04 21:36:04,016 - INFO - [stocks] 145/336: HD
2026-01-04 21:36:05,352 - INFO - [stocks] 146/336: HES
2026-01-04 21:36:06,078 - ERROR - $HES: possibly delisted; no timezone found
2026-01-04 21:36:06,082 - ERROR - 
1 Failed download:
2026-01-04 21:36:06,082 - ERROR - ['HES']: possibly delisted; no timezone found
2026-01-04 21:36:06,084 - WARNING - No data for HES, skipping.
2026-01-04 21:36:06,084 - INFO - [stocks] 147/336: HLT
2026-01-04 21:36:06,589 - INFO - [stocks] 148/336: HOG
2026-01-04 21:36:07,526 - INFO - [stocks] 149/336: HOLX
2026-01-04 21:36:08,199 - INFO - [stocks] 150/336: HON
2026-01-04 21:36:09,827 - INFO - [stocks] 151/336: HP
2026-01-04 21:36:10,792 - INFO - [stocks] 152/336: HPE
2026-01-04 21:36:11,283 - INFO - [stocks] 153/336: HPQ
2026-01-04 21:36:12,395 - INFO - [stocks] 154/336: HUBB
2026-01-04 21:36:13,220 - INFO - [stocks] 155/336: HUM
2026-01-04 21:36:14,782 - INFO - [stocks] 156/336: IBM
2026-01-04 21:36:15,707 - INFO - [stocks] 157/336: ICE
2026-01-04 21:36:16,518 - INFO - [stocks] 158/336: IDXX
2026-01-04 21:36:17,203 - INFO - [stocks] 159/336: ILMN
2026-01-04 21:36:18,117 - INFO - [stocks] 160/336: INTC
2026-01-04 21:36:19,569 - INFO - [stocks] 161/336: INTU
2026-01-04 21:36:20,405 - INFO - [stocks] 162/336: IRM
2026-01-04 21:36:21,172 - INFO - [stocks] 163/336: ISRG
2026-01-04 21:36:21,845 - INFO - [stocks] 164/336: ITW
2026-01-04 21:36:22,629 - INFO - [stocks] 165/336: JBHT
2026-01-04 21:36:24,218 - INFO - [stocks] 166/336: JNJ
2026-01-04 21:36:25,307 - INFO - [stocks] 167/336: JPM
2026-01-04 21:36:26,412 - INFO - [stocks] 168/336: KELYA
2026-01-04 21:36:32,744 - INFO - [stocks] 169/336: KEX
2026-01-04 21:36:33,802 - INFO - [stocks] 170/336: KEYS
2026-01-04 21:36:35,613 - INFO - [stocks] 171/336: KHC
2026-01-04 21:36:36,897 - INFO - [stocks] 172/336: KMB
2026-01-04 21:36:37,945 - INFO - [stocks] 173/336: KMI
2026-01-04 21:36:38,744 - INFO - [stocks] 174/336: KO
2026-01-04 21:36:39,984 - INFO - [stocks] 175/336: KR
2026-01-04 21:36:41,699 - INFO - [stocks] 176/336: KSS
2026-01-04 21:36:42,690 - INFO - [stocks] 177/336: LCID
2026-01-04 21:36:43,285 - INFO - [stocks] 178/336: LEN
2026-01-04 21:36:44,418 - INFO - [stocks] 179/336: LH
2026-01-04 21:36:45,437 - INFO - [stocks] 180/336: LHX
2026-01-04 21:36:47,099 - INFO - [stocks] 181/336: LII
2026-01-04 21:36:48,143 - INFO - [stocks] 182/336: LIN
2026-01-04 21:36:49,346 - INFO - [stocks] 183/336: LLY
2026-01-04 21:36:50,414 - INFO - [stocks] 184/336: LMT
2026-01-04 21:36:51,290 - INFO - [stocks] 185/336: LOW
2026-01-04 21:36:53,099 - INFO - [stocks] 186/336: LRCX
2026-01-04 21:36:53,741 - INFO - [stocks] 187/336: LSTR
2026-01-04 21:36:54,806 - INFO - [stocks] 188/336: LUV
2026-01-04 21:36:55,501 - INFO - [stocks] 189/336: LVS
2026-01-04 21:36:56,559 - INFO - [stocks] 190/336: LYFT
2026-01-04 21:36:58,055 - INFO - [stocks] 191/336: MA
2026-01-04 21:36:58,729 - INFO - [stocks] 192/336: MAN
2026-01-04 21:37:04,941 - INFO - [stocks] 193/336: MAR
2026-01-04 21:37:11,769 - INFO - [stocks] 194/336: MAS
2026-01-04 21:37:13,126 - INFO - [stocks] 195/336: MATX
2026-01-04 21:37:15,353 - INFO - [stocks] 196/336: MCD
2026-01-04 21:37:16,491 - INFO - [stocks] 197/336: MCK
2026-01-04 21:37:17,719 - INFO - [stocks] 198/336: MCO
2026-01-04 21:37:18,923 - INFO - [stocks] 199/336: MDB
2026-01-04 21:37:24,518 - INFO - [stocks] 200/336: MDLZ
2026-01-04 21:37:26,093 - INFO - [stocks] 201/336: MDT
2026-01-04 21:37:27,152 - INFO - [stocks] 202/336: META
2026-01-04 21:37:27,864 - INFO - [stocks] 203/336: MGM
2026-01-04 21:37:29,147 - INFO - [stocks] 204/336: MMC
2026-01-04 21:37:30,255 - INFO - [stocks] 205/336: MNST
2026-01-04 21:37:31,788 - INFO - [stocks] 206/336: MO
2026-01-04 21:37:32,876 - INFO - [stocks] 207/336: MOS
2026-01-04 21:37:33,868 - INFO - [stocks] 208/336: MRK
2026-01-04 21:37:34,919 - INFO - [stocks] 209/336: MS
2026-01-04 21:37:36,035 - INFO - [stocks] 210/336: MSCI
2026-01-04 21:37:37,569 - INFO - [stocks] 211/336: MSFT
2026-01-04 21:37:38,674 - INFO - [stocks] 212/336: MSI
2026-01-04 21:37:40,070 - INFO - [stocks] 213/336: MTD
2026-01-04 21:37:40,987 - INFO - [stocks] 214/336: MU
2026-01-04 21:37:41,973 - INFO - [stocks] 215/336: NCLH
2026-01-04 21:37:43,189 - INFO - [stocks] 216/336: NDAQ
2026-01-04 21:37:44,233 - INFO - [stocks] 217/336: NEE
2026-01-04 21:37:45,439 - INFO - [stocks] 218/336: NET
2026-01-04 21:37:45,973 - INFO - [stocks] 219/336: NFLX
2026-01-04 21:37:46,878 - INFO - [stocks] 220/336: NKE
2026-01-04 21:37:48,308 - INFO - [stocks] 221/336: NLSN
2026-01-04 21:37:48,916 - ERROR - $NLSN: possibly delisted; no timezone found
2026-01-04 21:37:48,923 - ERROR - 
1 Failed download:
2026-01-04 21:37:48,923 - ERROR - ['NLSN']: possibly delisted; no timezone found
2026-01-04 21:37:48,925 - WARNING - No data for NLSN, skipping.
2026-01-04 21:37:48,925 - INFO - [stocks] 222/336: NOC
2026-01-04 21:37:49,905 - INFO - [stocks] 223/336: NOW
2026-01-04 21:37:50,410 - INFO - [stocks] 224/336: NRG
2026-01-04 21:37:51,223 - INFO - [stocks] 225/336: NSC
2026-01-04 21:37:52,695 - INFO - [stocks] 226/336: NTAP
2026-01-04 21:37:53,623 - INFO - [stocks] 227/336: NTRS
2026-01-04 21:37:54,350 - INFO - [stocks] 228/336: NVDA
2026-01-04 21:37:55,109 - INFO - [stocks] 229/336: NVR
2026-01-04 21:38:02,143 - INFO - [stocks] 230/336: NWL
2026-01-04 21:38:04,042 - INFO - [stocks] 231/336: O
2026-01-04 21:38:05,279 - INFO - [stocks] 232/336: ODFL
2026-01-04 21:38:09,227 - INFO - [stocks] 233/336: OKTA
2026-01-04 21:38:09,570 - INFO - [stocks] 234/336: ORCL
2026-01-04 21:38:10,334 - INFO - [stocks] 235/336: ORLY
2026-01-04 21:38:11,497 - INFO - [stocks] 236/336: OTIS
2026-01-04 21:38:13,398 - INFO - [stocks] 237/336: OXY
2026-01-04 21:38:14,791 - INFO - [stocks] 238/336: PANW
2026-01-04 21:38:15,280 - INFO - [stocks] 239/336: PATH
2026-01-04 21:38:15,558 - INFO - [stocks] 240/336: PAYC
2026-01-04 21:38:16,555 - INFO - [stocks] 241/336: PAYX
2026-01-04 21:38:17,556 - INFO - [stocks] 242/336: PCAR
2026-01-04 21:38:18,479 - INFO - [stocks] 243/336: PEP
2026-01-04 21:38:19,476 - INFO - [stocks] 244/336: PFE
2026-01-04 21:38:20,294 - INFO - [stocks] 245/336: PG
2026-01-04 21:38:21,997 - INFO - [stocks] 246/336: PGR
2026-01-04 21:38:22,938 - INFO - [stocks] 247/336: PH
2026-01-04 21:38:23,722 - INFO - [stocks] 248/336: PHM
2026-01-04 21:38:24,531 - INFO - [stocks] 249/336: PKI
2026-01-04 21:38:25,254 - ERROR - $PKI: possibly delisted; no timezone found
2026-01-04 21:38:25,257 - ERROR - 
1 Failed download:
2026-01-04 21:38:25,258 - ERROR - ['PKI']: possibly delisted; no timezone found
2026-01-04 21:38:25,260 - WARNING - No data for PKI, skipping.
2026-01-04 21:38:25,260 - INFO - [stocks] 250/336: PLD
2026-01-04 21:38:27,050 - INFO - [stocks] 251/336: PLTR
2026-01-04 21:38:27,645 - INFO - [stocks] 252/336: PM
2026-01-04 21:38:28,274 - INFO - [stocks] 253/336: PNC
2026-01-04 21:38:29,380 - INFO - [stocks] 254/336: PPL
2026-01-04 21:38:30,411 - INFO - [stocks] 255/336: PRU
2026-01-04 21:38:36,884 - INFO - [stocks] 256/336: PSA
2026-01-04 21:38:37,991 - INFO - [stocks] 257/336: PVH
2026-01-04 21:38:39,118 - INFO - [stocks] 258/336: PYPL
2026-01-04 21:38:39,785 - INFO - [stocks] 259/336: RAD
2026-01-04 21:38:40,462 - ERROR - $RAD: possibly delisted; no timezone found
2026-01-04 21:38:40,470 - ERROR - 
1 Failed download:
2026-01-04 21:38:40,470 - ERROR - ['RAD']: possibly delisted; no timezone found
2026-01-04 21:38:40,472 - WARNING - No data for RAD, skipping.
2026-01-04 21:38:40,472 - INFO - [stocks] 260/336: RCL
2026-01-04 21:38:42,024 - INFO - [stocks] 261/336: REGN
2026-01-04 21:38:42,929 - INFO - [stocks] 262/336: RHI
2026-01-04 21:38:43,913 - INFO - [stocks] 263/336: RIVN
2026-01-04 21:38:44,441 - INFO - [stocks] 264/336: RJF
2026-01-04 21:38:45,567 - INFO - [stocks] 265/336: ROL
2026-01-04 21:38:47,238 - INFO - [stocks] 266/336: ROP
2026-01-04 21:38:48,327 - INFO - [stocks] 267/336: ROST
2026-01-04 21:38:49,360 - INFO - [stocks] 268/336: RSG
2026-01-04 21:38:50,375 - INFO - [stocks] 269/336: SBUX
2026-01-04 21:38:51,423 - INFO - [stocks] 270/336: SCHW
2026-01-04 21:38:53,017 - INFO - [stocks] 271/336: SHAK
2026-01-04 21:38:53,691 - INFO - [stocks] 272/336: SHOP
2026-01-04 21:38:54,376 - INFO - [stocks] 273/336: SLB
2026-01-04 21:38:55,525 - INFO - [stocks] 274/336: SNOW
2026-01-04 21:38:56,030 - INFO - [stocks] 275/336: SNPS
2026-01-04 21:38:57,499 - INFO - [stocks] 276/336: SO
2026-01-04 21:38:58,459 - INFO - [stocks] 277/336: SPGI
2026-01-04 21:38:59,612 - INFO - [stocks] 278/336: SQ
2026-01-04 21:38:59,614 - ERROR - $SQ: possibly delisted; no timezone found
2026-01-04 21:38:59,622 - ERROR - 
1 Failed download:
2026-01-04 21:38:59,623 - ERROR - ['SQ']: possibly delisted; no timezone found
2026-01-04 21:38:59,624 - WARNING - No data for SQ, skipping.
2026-01-04 21:38:59,624 - INFO - [stocks] 279/336: SRE
2026-01-04 21:39:00,570 - INFO - [stocks] 280/336: STE
2026-01-04 21:39:02,106 - INFO - [stocks] 281/336: STT
2026-01-04 21:39:03,817 - INFO - [stocks] 282/336: STX
2026-01-04 21:39:05,757 - INFO - [stocks] 283/336: SWK
2026-01-04 21:39:06,813 - INFO - [stocks] 284/336: SYK
2026-01-04 21:39:07,978 - INFO - [stocks] 285/336: T
2026-01-04 21:39:09,998 - INFO - [stocks] 286/336: TDG
2026-01-04 21:39:11,128 - INFO - [stocks] 287/336: TDOC
2026-01-04 21:39:16,678 - INFO - [stocks] 288/336: TDY
2026-01-04 21:39:18,892 - INFO - [stocks] 289/336: TEAM
2026-01-04 21:39:19,504 - INFO - [stocks] 290/336: TEL
2026-01-04 21:39:20,848 - INFO - [stocks] 291/336: TFC
2026-01-04 21:39:21,893 - INFO - [stocks] 292/336: TFX
2026-01-04 21:39:23,160 - INFO - [stocks] 293/336: TGT
2026-01-04 21:39:24,238 - INFO - [stocks] 294/336: TJX
2026-01-04 21:39:25,256 - INFO - [stocks] 295/336: TMO
2026-01-04 21:39:26,820 - INFO - [stocks] 296/336: TOL
2026-01-04 21:39:27,746 - INFO - [stocks] 297/336: TPR
2026-01-04 21:39:28,934 - INFO - [stocks] 298/336: TRMB
2026-01-04 21:39:29,966 - INFO - [stocks] 299/336: TRU
2026-01-04 21:39:30,686 - INFO - [stocks] 300/336: TRV
2026-01-04 21:39:32,216 - INFO - [stocks] 301/336: TSCO
2026-01-04 21:39:33,216 - INFO - [stocks] 302/336: TSLA
2026-01-04 21:39:34,092 - INFO - [stocks] 303/336: TSN
2026-01-04 21:39:35,148 - INFO - [stocks] 304/336: TXN
2026-01-04 21:39:36,266 - INFO - [stocks] 305/336: TXT
2026-01-04 21:39:37,787 - INFO - [stocks] 306/336: UAL
2026-01-04 21:39:38,659 - INFO - [stocks] 307/336: UBER
2026-01-04 21:39:39,151 - INFO - [stocks] 308/336: UHS
2026-01-04 21:39:40,108 - INFO - [stocks] 309/336: ULTA
2026-01-04 21:39:40,962 - INFO - [stocks] 310/336: UNH
2026-01-04 21:39:42,470 - INFO - [stocks] 311/336: UNP
2026-01-04 21:39:43,681 - INFO - [stocks] 312/336: UPS
2026-01-04 21:39:44,651 - INFO - [stocks] 313/336: USB
2026-01-04 21:39:45,668 - INFO - [stocks] 314/336: V
2026-01-04 21:39:46,612 - INFO - [stocks] 315/336: VLO
2026-01-04 21:39:48,285 - INFO - [stocks] 316/336: VRSK
2026-01-04 21:39:49,105 - INFO - [stocks] 317/336: VRTX
2026-01-04 21:39:50,119 - INFO - [stocks] 318/336: WAT
2026-01-04 21:39:51,235 - INFO - [stocks] 319/336: WBA
2026-01-04 21:39:52,171 - ERROR - $WBA: possibly delisted; no timezone found
2026-01-04 21:39:52,179 - ERROR - 
1 Failed download:
2026-01-04 21:39:52,179 - ERROR - ['WBA']: possibly delisted; no timezone found
2026-01-04 21:39:52,182 - WARNING - No data for WBA, skipping.
2026-01-04 21:39:52,182 - INFO - [stocks] 320/336: WDC
2026-01-04 21:39:53,802 - INFO - [stocks] 321/336: WELL
2026-01-04 21:39:54,825 - INFO - [stocks] 322/336: WFC
2026-01-04 21:39:55,479 - INFO - [stocks] 323/336: WH
2026-01-04 21:39:55,971 - INFO - [stocks] 324/336: WHR
2026-01-04 21:39:56,537 - INFO - [stocks] 325/336: WING
2026-01-04 21:39:57,687 - INFO - [stocks] 326/336: WM
2026-01-04 21:39:58,306 - INFO - [stocks] 327/336: WMT
2026-01-04 21:39:59,393 - INFO - [stocks] 328/336: WRK
2026-01-04 21:39:59,807 - ERROR - $WRK: possibly delisted; no timezone found
2026-01-04 21:39:59,813 - ERROR - 
1 Failed download:
2026-01-04 21:39:59,813 - ERROR - ['WRK']: possibly delisted; no timezone found
2026-01-04 21:39:59,815 - WARNING - No data for WRK, skipping.
2026-01-04 21:39:59,816 - INFO - [stocks] 329/336: WSM
2026-01-04 21:40:00,673 - INFO - [stocks] 330/336: WYNN
2026-01-04 21:40:01,726 - INFO - [stocks] 331/336: XOM
2026-01-04 21:40:03,041 - INFO - [stocks] 332/336: YUM
2026-01-04 21:40:03,623 - INFO - [stocks] 333/336: ZBH
2026-01-04 21:40:04,464 - INFO - [stocks] 334/336: ZBRA
2026-01-04 21:40:13,342 - INFO - [stocks] 335/336: ZS
2026-01-04 21:40:14,313 - INFO - [stocks] 336/336: ZTS
2026-01-04 21:40:14,915 - INFO - --- Processing etf_tickers.txt (Type: etfs) | 27 tickers ---
2026-01-04 21:40:14,915 - INFO - [etfs] 1/27: ARKK
2026-01-04 21:40:15,463 - INFO - [etfs] 2/27: BND
2026-01-04 21:40:16,643 - INFO - [etfs] 3/27: DIA
2026-01-04 21:40:17,440 - INFO - [etfs] 4/27: EFA
2026-01-04 21:40:18,168 - INFO - [etfs] 5/27: HYG
2026-01-04 21:40:19,615 - INFO - [etfs] 6/27: IEF
2026-01-04 21:40:23,325 - INFO - [etfs] 7/27: IWM
2026-01-04 21:40:24,121 - INFO - [etfs] 8/27: JEPI
2026-01-04 21:40:24,477 - INFO - [etfs] 9/27: LQD
2026-01-04 21:40:25,584 - INFO - [etfs] 10/27: QQQ
2026-01-04 21:40:26,889 - INFO - [etfs] 11/27: SCHD
2026-01-04 21:40:27,729 - INFO - [etfs] 12/27: SPY
2026-01-04 21:40:29,606 - INFO - [etfs] 13/27: TLT
2026-01-04 21:40:30,624 - INFO - [etfs] 14/27: VEA
2026-01-04 21:40:31,078 - INFO - [etfs] 15/27: VOO
2026-01-04 21:40:32,450 - INFO - [etfs] 16/27: VT
2026-01-04 21:40:32,905 - INFO - [etfs] 17/27: VTI
2026-01-04 21:40:34,049 - INFO - [etfs] 18/27: VWO
2026-01-04 21:40:34,610 - INFO - [etfs] 19/27: VYM
2026-01-04 21:40:35,616 - INFO - [etfs] 20/27: XLE
2026-01-04 21:40:36,748 - INFO - [etfs] 21/27: XLF
2026-01-04 21:40:38,057 - INFO - [etfs] 22/27: XLI
2026-01-04 21:40:38,670 - INFO - [etfs] 23/27: XLK
2026-01-04 21:40:39,888 - INFO - [etfs] 24/27: XLP
2026-01-04 21:40:40,474 - INFO - [etfs] 25/27: XLRE
2026-01-04 21:40:41,698 - INFO - [etfs] 26/27: XLV
2026-01-04 21:40:42,290 - INFO - [etfs] 27/27: XLY
2026-01-04 21:40:43,466 - INFO - --- Processing commodities_tickers.txt (Type: commodities) | 20 tickers ---
2026-01-04 21:40:43,467 - INFO - [commodities] 1/20: CORN
2026-01-04 21:40:44,627 - INFO - [commodities] 2/20: COW
2026-01-04 21:40:46,736 - INFO - [commodities] 3/20: CPER
2026-01-04 21:40:58,667 - INFO - [commodities] 4/20: DBA
2026-01-04 21:41:00,516 - INFO - [commodities] 5/20: DBC
2026-01-04 21:41:02,428 - INFO - [commodities] 6/20: GLD
2026-01-04 21:41:03,058 - INFO - [commodities] 7/20: GSG
2026-01-04 21:41:04,632 - INFO - [commodities] 8/20: JO
2026-01-04 21:41:06,154 - INFO - [commodities] 9/20: LIT
2026-01-04 21:41:07,535 - INFO - [commodities] 10/20: MOO
2026-01-04 21:41:09,706 - INFO - [commodities] 11/20: PALL
2026-01-04 21:41:11,272 - INFO - [commodities] 12/20: PPLT
2026-01-04 21:41:12,551 - INFO - [commodities] 13/20: SGG
2026-01-04 21:41:14,040 - INFO - [commodities] 14/20: SLV
2026-01-04 21:41:15,813 - INFO - [commodities] 15/20: SOYB
2026-01-04 21:41:17,679 - INFO - [commodities] 16/20: UNG
2026-01-04 21:41:30,268 - INFO - [commodities] 17/20: URA
2026-01-04 21:41:33,538 - INFO - [commodities] 18/20: USO
2026-01-04 21:41:36,774 - INFO - [commodities] 19/20: WEAT
2026-01-04 21:41:41,136 - INFO - [commodities] 20/20: WOOD
2026-01-04 21:41:48,752 - INFO - --- Processing mutualfunds_tickers.txt (Type: mutualfunds) | 20 tickers ---
2026-01-04 21:41:48,752 - INFO - [mutualfunds] 1/20: AGTHX
2026-01-04 21:41:49,405 - INFO - [mutualfunds] 2/20: FCNTX
2026-01-04 21:41:50,451 - INFO - [mutualfunds] 3/20: FDGRX
2026-01-04 21:41:51,742 - INFO - [mutualfunds] 4/20: FXAIX
2026-01-04 21:41:52,228 - INFO - [mutualfunds] 5/20: PREIX
2026-01-04 21:41:53,336 - INFO - [mutualfunds] 6/20: PRGFX
2026-01-04 21:41:54,481 - INFO - [mutualfunds] 7/20: SWPPX
2026-01-04 21:41:55,579 - INFO - [mutualfunds] 8/20: TRBCX
2026-01-04 21:41:56,643 - INFO - [mutualfunds] 9/20: VBMFX
2026-01-04 21:41:58,834 - INFO - [mutualfunds] 10/20: VBTLX
2026-01-04 21:42:00,660 - INFO - [mutualfunds] 11/20: VFIAX
2026-01-04 21:42:01,732 - INFO - [mutualfunds] 12/20: VFINX
2026-01-04 21:42:02,928 - INFO - [mutualfunds] 13/20: VGTSX
2026-01-04 21:42:03,930 - INFO - [mutualfunds] 14/20: VIGAX
2026-01-04 21:42:04,912 - INFO - [mutualfunds] 15/20: VIMAX
2026-01-04 21:42:06,350 - INFO - [mutualfunds] 16/20: VSMAX
2026-01-04 21:42:07,592 - INFO - [mutualfunds] 17/20: VTIAX
2026-01-04 21:42:08,628 - INFO - [mutualfunds] 18/20: VTSAX
2026-01-04 21:42:09,746 - INFO - [mutualfunds] 19/20: VTSMX
2026-01-04 21:42:10,822 - INFO - [mutualfunds] 20/20: VWENX
2026-01-04 21:42:12,323 - INFO - --- Processing etfs_tickers.txt (Type: etfs) | 36 tickers ---
2026-01-04 21:42:12,323 - INFO - [etfs] 1/36: AGG
2026-01-04 21:42:13,353 - INFO - [etfs] 2/36: ARKK
2026-01-04 21:42:14,092 - INFO - [etfs] 3/36: BND
2026-01-04 21:42:15,178 - INFO - [etfs] 4/36: DIA
2026-01-04 21:42:16,180 - INFO - [etfs] 5/36: EFA
2026-01-04 21:42:17,717 - INFO - [etfs] 6/36: GLD
2026-01-04 21:42:18,596 - INFO - [etfs] 7/36: IEFA
2026-01-04 21:42:19,443 - INFO - [etfs] 8/36: IEMG
2026-01-04 21:42:20,153 - INFO - [etfs] 9/36: IVV
2026-01-04 21:42:21,227 - INFO - [etfs] 10/36: IWM
2026-01-04 21:42:22,828 - INFO - [etfs] 11/36: LQD
2026-01-04 21:42:23,868 - INFO - [etfs] 12/36: QQQ
2026-01-04 21:42:24,983 - INFO - [etfs] 13/36: SMH
2026-01-04 21:42:25,914 - INFO - [etfs] 14/36: SOXX
2026-01-04 21:42:26,663 - INFO - [etfs] 15/36: SPY
2026-01-04 21:42:27,964 - INFO - [etfs] 16/36: SQQQ
2026-01-04 21:42:28,706 - INFO - [etfs] 17/36: TLT
2026-01-04 21:42:30,643 - INFO - [etfs] 18/36: TQQQ
2026-01-04 21:42:31,236 - INFO - [etfs] 19/36: VEA
2026-01-04 21:42:31,933 - INFO - [etfs] 20/36: VGT
2026-01-04 21:42:33,098 - INFO - [etfs] 21/36: VIG
2026-01-04 21:42:33,874 - INFO - [etfs] 22/36: VNQ
2026-01-04 21:42:34,621 - INFO - [etfs] 23/36: VOO
2026-01-04 21:42:35,235 - INFO - [etfs] 24/36: VTI
2026-01-04 21:42:36,783 - INFO - [etfs] 25/36: VTV
2026-01-04 21:42:38,072 - INFO - [etfs] 26/36: VUG
2026-01-04 21:42:43,783 - INFO - [etfs] 27/36: VXUS
2026-01-04 21:42:44,756 - INFO - [etfs] 28/36: XLB
2026-01-04 21:42:46,304 - INFO - [etfs] 29/36: XLE
2026-01-04 21:42:47,629 - INFO - [etfs] 30/36: XLF
2026-01-04 21:42:57,645 - ERROR - 
1 Failed download:
2026-01-04 21:42:57,645 - ERROR - ['XLF']: TypeError("'NoneType' object is not subscriptable")
2026-01-04 21:42:57,647 - WARNING - No data for XLF, skipping.
2026-01-04 21:42:57,647 - INFO - [etfs] 31/36: XLI
2026-01-04 21:42:58,320 - INFO - [etfs] 32/36: XLK
2026-01-04 21:42:59,545 - INFO - [etfs] 33/36: XLP
2026-01-04 21:43:00,166 - INFO - [etfs] 34/36: XLU
2026-01-04 21:43:01,324 - INFO - [etfs] 35/36: XLV
2026-01-04 21:43:02,427 - INFO - [etfs] 36/36: XLY
2026-01-04 21:43:03,215 - INFO - ==============================
2026-01-04 21:43:03,215 - INFO - REFRESH SYSTEM SUMMARY
2026-01-04 21:43:03,215 - INFO - Files Processed:   8
2026-01-04 21:43:03,215 - INFO - Total Attempted:   532
2026-01-04 21:43:03,215 - INFO - Successfully DL:   514
2026-01-04 21:43:03,215 - INFO - Successfully Load: 514
2026-01-04 21:43:03,215 - INFO - Skipped:           18
2026-01-04 21:43:03,215 - INFO - Failed Load:       0
2026-01-04 21:43:03,215 - INFO - ==============================
