2026-01-10 22:42:18,360 - INFO - Found 8 ticker files.
2026-01-10 22:42:18,360 - INFO - STARTING FULL REINSTALL (Start Date: 2000-01-01)
2026-01-10 22:42:18,361 - INFO - --- Processing crypto_tickers.txt (Type: crypto) | 25 tickers ---
2026-01-10 22:42:18,361 - INFO - [crypto] 1/25: AAVE fetching from 2000-01-01...
2026-01-10 22:42:24,482 - INFO - [crypto] 2/25: ADA fetching from 2000-01-01...
2026-01-10 22:42:32,070 - INFO - [crypto] 3/25: ALGO fetching from 2000-01-01...
2026-01-10 22:42:36,051 - INFO - [crypto] 4/25: ATOM fetching from 2000-01-01...
2026-01-10 22:42:40,548 - INFO - [crypto] 5/25: AVAX fetching from 2000-01-01...
2026-01-10 22:42:45,882 - INFO - [crypto] 6/25: BCH fetching from 2000-01-01...
2026-01-10 22:42:50,737 - INFO - [crypto] 7/25: BTC fetching from 2000-01-01...
2026-01-10 22:42:57,162 - INFO - [crypto] 8/25: DOGE fetching from 2000-01-01...
2026-01-10 22:43:02,348 - INFO - [crypto] 9/25: DOT fetching from 2000-01-01...
2026-01-10 22:43:05,827 - INFO - [crypto] 10/25: EOS fetching from 2000-01-01...
2026-01-10 22:43:11,483 - INFO - [crypto] 11/25: ETC fetching from 2000-01-01...
2026-01-10 22:43:15,896 - INFO - [crypto] 12/25: ETH fetching from 2000-01-01...
2026-01-10 22:43:20,183 - INFO - [crypto] 13/25: FIL fetching from 2000-01-01...
2026-01-10 22:43:24,713 - INFO - [crypto] 14/25: LINK fetching from 2000-01-01...
2026-01-10 22:43:29,471 - INFO - [crypto] 15/25: LTC fetching from 2000-01-01...
2026-01-10 22:43:35,352 - INFO - [crypto] 16/25: MATIC fetching from 2000-01-01...
2026-01-10 22:43:39,140 - INFO - [crypto] 17/25: MKR fetching from 2000-01-01...
2026-01-10 22:43:43,456 - INFO - [crypto] 18/25: SHIB fetching from 2000-01-01...
2026-01-10 22:43:47,540 - INFO - [crypto] 19/25: SOL fetching from 2000-01-01...
2026-01-10 22:43:51,143 - INFO - [crypto] 20/25: TRX fetching from 2000-01-01...
2026-01-10 22:43:56,233 - INFO - [crypto] 21/25: UNI7083 fetching from 2000-01-01...
2026-01-10 22:43:59,784 - INFO - [crypto] 22/25: VET fetching from 2000-01-01...
2026-01-10 22:44:04,162 - INFO - [crypto] 23/25: XLM fetching from 2000-01-01...
2026-01-10 22:44:10,082 - INFO - [crypto] 24/25: XMR fetching from 2000-01-01...
2026-01-10 22:44:15,710 - INFO - [crypto] 25/25: XRP fetching from 2000-01-01...
2026-01-10 22:44:20,390 - INFO - --- Processing stocks_tickers.txt (Type: stocks) | 50 tickers ---
2026-01-10 22:44:20,390 - INFO - [stocks] 1/50: AAPL fetching from 2000-01-01...
2026-01-10 22:44:34,950 - INFO - [stocks] 2/50: ABBV fetching from 2000-01-01...
2026-01-10 22:44:40,079 - INFO - [stocks] 3/50: ABNB fetching from 2000-01-01...
2026-01-10 22:44:42,529 - INFO - [stocks] 4/50: ADBE fetching from 2000-01-01...
2026-01-10 22:44:51,135 - INFO - [stocks] 5/50: AMD fetching from 2000-01-01...
2026-01-10 22:44:59,977 - INFO - [stocks] 6/50: AMZN fetching from 2000-01-01...
2026-01-10 22:45:09,058 - INFO - [stocks] 7/50: AVGO fetching from 2000-01-01...
2026-01-10 22:45:14,756 - INFO - [stocks] 8/50: BABA fetching from 2000-01-01...
2026-01-10 22:45:18,891 - INFO - [stocks] 9/50: BAC fetching from 2000-01-01...
2026-01-10 22:45:27,106 - INFO - [stocks] 10/50: BRK-B fetching from 2000-01-01...
2026-01-10 22:45:35,849 - INFO - [stocks] 11/50: COST fetching from 2000-01-01...
2026-01-10 22:45:43,475 - INFO - [stocks] 12/50: CRM fetching from 2000-01-01...
2026-01-10 22:45:50,152 - INFO - [stocks] 13/50: CSCO fetching from 2000-01-01...
2026-01-10 22:45:58,421 - INFO - [stocks] 14/50: CVX fetching from 2000-01-01...
2026-01-10 22:46:07,468 - INFO - [stocks] 15/50: DIS fetching from 2000-01-01...
2026-01-10 22:46:15,666 - INFO - [stocks] 16/50: GOOGL fetching from 2000-01-01...
2026-01-10 22:46:22,520 - INFO - [stocks] 17/50: HD fetching from 2000-01-01...
2026-01-10 22:46:31,672 - INFO - [stocks] 18/50: INTC fetching from 2000-01-01...
2026-01-10 22:46:39,673 - INFO - [stocks] 19/50: JNJ fetching from 2000-01-01...
2026-01-10 22:46:49,386 - INFO - [stocks] 20/50: JPM fetching from 2000-01-01...
2026-01-10 22:46:57,717 - INFO - [stocks] 21/50: KO fetching from 2000-01-01...
2026-01-10 22:47:05,585 - INFO - [stocks] 22/50: MA fetching from 2000-01-01...
2026-01-10 22:47:11,646 - INFO - [stocks] 23/50: MCD fetching from 2000-01-01...
2026-01-10 22:47:19,206 - INFO - [stocks] 24/50: META fetching from 2000-01-01...
2026-01-10 22:47:24,261 - INFO - [stocks] 25/50: MRK fetching from 2000-01-01...
2026-01-10 22:47:32,325 - INFO - [stocks] 26/50: MSFT fetching from 2000-01-01...
2026-01-10 22:47:42,277 - INFO - [stocks] 27/50: NET fetching from 2000-01-01...
2026-01-10 22:47:45,286 - INFO - [stocks] 28/50: NFLX fetching from 2000-01-01...
2026-01-10 22:47:52,739 - INFO - [stocks] 29/50: NKE fetching from 2000-01-01...
2026-01-10 22:48:00,705 - INFO - [stocks] 30/50: NVDA fetching from 2000-01-01...
2026-01-10 22:48:09,145 - INFO - [stocks] 31/50: ORCL fetching from 2000-01-01...
2026-01-10 22:48:17,945 - INFO - [stocks] 32/50: PEP fetching from 2000-01-01...
2026-01-10 22:48:26,639 - INFO - [stocks] 33/50: PFE fetching from 2000-01-01...
2026-01-10 22:48:34,546 - INFO - [stocks] 34/50: PG fetching from 2000-01-01...
2026-01-10 22:48:42,465 - INFO - [stocks] 35/50: PLTR fetching from 2000-01-01...
2026-01-10 22:48:45,265 - INFO - [stocks] 36/50: PYPL fetching from 2000-01-01...
2026-01-10 22:48:49,148 - INFO - [stocks] 37/50: ROKU fetching from 2000-01-01...
2026-01-10 22:48:52,985 - INFO - [stocks] 38/50: SBUX fetching from 2000-01-01...
2026-01-10 22:49:02,760 - INFO - [stocks] 39/50: SHOP fetching from 2000-01-01...
2026-01-10 22:49:07,224 - INFO - [stocks] 40/50: SNOW fetching from 2000-01-01...
2026-01-10 22:49:10,864 - INFO - [stocks] 41/50: SONY fetching from 2000-01-01...
2026-01-10 22:49:20,184 - INFO - [stocks] 42/50: SQ fetching from 2000-01-01...
2026-01-10 22:49:21,699 - ERROR - $SQ: possibly delisted; no timezone found
2026-01-10 22:49:21,707 - ERROR - 
1 Failed download:
2026-01-10 22:49:21,707 - ERROR - ['SQ']: possibly delisted; no timezone found
2026-01-10 22:49:21,710 - WARNING -   -> No data for SQ, skipping.
2026-01-10 22:49:21,710 - INFO - [stocks] 43/50: SSNLF fetching from 2000-01-01...
2026-01-10 22:49:22,295 - ERROR - SSNLF: auto_adjust failed with unsupported operand type(s) for /: 'str' and 'float'
2026-01-10 22:49:22,303 - ERROR - 
1 Failed download:
2026-01-10 22:49:22,303 - ERROR - ['SSNLF']: auto_adjust failed with unsupported operand type(s) for /: 'str' and 'float'
2026-01-10 22:49:30,390 - INFO - [stocks] 44/50: TM fetching from 2000-01-01...
2026-01-10 22:49:38,432 - INFO - [stocks] 45/50: TMO fetching from 2000-01-01...
2026-01-10 22:49:47,367 - INFO - [stocks] 46/50: TSLA fetching from 2000-01-01...
2026-01-10 22:49:53,707 - INFO - [stocks] 47/50: UBER fetching from 2000-01-01...
2026-01-10 22:49:56,814 - INFO - [stocks] 48/50: UNH fetching from 2000-01-01...
2026-01-10 22:50:06,629 - INFO - [stocks] 49/50: V fetching from 2000-01-01...
2026-01-10 22:50:12,729 - INFO - [stocks] 50/50: WMT fetching from 2000-01-01...
2026-01-10 22:50:21,409 - INFO - --- Processing mutualfund_tickers.txt (Type: mutualfunds) | 18 tickers ---
2026-01-10 22:50:21,410 - INFO - [mutualfunds] 1/18: DFLVX fetching from 2000-01-01...
2026-01-10 22:50:30,762 - INFO - [mutualfunds] 2/18: FSMAX fetching from 2000-01-01...
2026-01-10 22:50:35,909 - INFO - [mutualfunds] 3/18: FSPGX fetching from 2000-01-01...
2026-01-10 22:50:40,304 - INFO - [mutualfunds] 4/18: FXAIX fetching from 2000-01-01...
2026-01-10 22:50:45,028 - INFO - [mutualfunds] 5/18: FZROX fetching from 2000-01-01...
2026-01-10 22:50:48,162 - INFO - [mutualfunds] 6/18: PRNHX fetching from 2000-01-01...
2026-01-10 22:50:56,145 - INFO - [mutualfunds] 7/18: SWPPX fetching from 2000-01-01...
2026-01-10 22:51:03,824 - INFO - [mutualfunds] 8/18: TRBCX fetching from 2000-01-01...
2026-01-10 22:51:13,188 - INFO - [mutualfunds] 9/18: VASIX fetching from 2000-01-01...
2026-01-10 22:51:21,888 - INFO - [mutualfunds] 10/18: VBTLX fetching from 2000-01-01...
2026-01-10 22:51:30,947 - INFO - [mutualfunds] 11/18: VFIAX fetching from 2000-01-01...
2026-01-10 22:51:39,024 - INFO - [mutualfunds] 12/18: VIMSX fetching from 2000-01-01...
2026-01-10 22:51:47,277 - INFO - [mutualfunds] 13/18: VSMAX fetching from 2000-01-01...
2026-01-10 22:51:54,853 - INFO - [mutualfunds] 14/18: VTSAX fetching from 2000-01-01...
2026-01-10 22:52:02,267 - INFO - [mutualfunds] 15/18: VWENX fetching from 2000-01-01...
2026-01-10 22:52:09,677 - INFO - [mutualfunds] 16/18: VWLTX fetching from 2000-01-01...
2026-01-10 22:52:19,344 - INFO - [mutualfunds] 17/18: VWLUX fetching from 2000-01-01...
2026-01-10 22:52:26,995 - INFO - [mutualfunds] 18/18: VWUSX fetching from 2000-01-01...
2026-01-10 22:52:34,854 - INFO - --- Processing sp500_tickers.txt (Type: stocks) | 336 tickers ---
2026-01-10 22:52:34,854 - INFO - [stocks] 1/336: A fetching from 2000-01-01...
2026-01-10 22:52:44,002 - INFO - [stocks] 2/336: AAL fetching from 2000-01-01...
2026-01-10 22:52:50,995 - INFO - [stocks] 3/336: AAPL fetching from 2000-01-01...
2026-01-10 22:53:02,396 - INFO - [stocks] 4/336: ABBV fetching from 2000-01-01...
2026-01-10 22:53:07,077 - INFO - [stocks] 5/336: ABMD fetching from 2000-01-01...
2026-01-10 22:53:08,472 - ERROR - $ABMD: possibly delisted; no timezone found
2026-01-10 22:53:08,480 - ERROR - 
1 Failed download:
2026-01-10 22:53:08,480 - ERROR - ['ABMD']: possibly delisted; no timezone found
2026-01-10 22:53:08,483 - WARNING -   -> No data for ABMD, skipping.
2026-01-10 22:53:08,483 - INFO - [stocks] 6/336: ABNB fetching from 2000-01-01...
2026-01-10 22:53:11,541 - INFO - [stocks] 7/336: ABT fetching from 2000-01-01...
2026-01-10 22:53:21,812 - INFO - [stocks] 8/336: ACN fetching from 2000-01-01...
2026-01-10 22:53:29,916 - INFO - [stocks] 9/336: ADBE fetching from 2000-01-01...
2026-01-10 22:53:38,553 - INFO - [stocks] 10/336: ADI fetching from 2000-01-01...
2026-01-10 22:53:47,684 - INFO - [stocks] 11/336: ADM fetching from 2000-01-01...
2026-01-10 22:53:56,184 - INFO - [stocks] 12/336: ADP fetching from 2000-01-01...
2026-01-10 22:54:07,881 - INFO - [stocks] 13/336: ADSK fetching from 2000-01-01...
2026-01-10 22:54:17,069 - INFO - [stocks] 14/336: AEP fetching from 2000-01-01...
2026-01-10 22:54:26,623 - INFO - [stocks] 15/336: AFL fetching from 2000-01-01...
2026-01-10 22:54:35,349 - INFO - [stocks] 16/336: AIG fetching from 2000-01-01...
2026-01-10 22:54:43,304 - INFO - [stocks] 17/336: AKAM fetching from 2000-01-01...
2026-01-10 22:54:52,761 - INFO - [stocks] 18/336: ALB fetching from 2000-01-01...
2026-01-10 22:55:02,210 - INFO - [stocks] 19/336: ALGN fetching from 2000-01-01...
2026-01-10 22:55:11,146 - INFO - [stocks] 20/336: ALLY fetching from 2000-01-01...
2026-01-10 22:55:17,556 - INFO - [stocks] 21/336: AMAT fetching from 2000-01-01...
2026-01-10 22:55:26,233 - INFO - [stocks] 22/336: AMD fetching from 2000-01-01...
2026-01-10 22:55:34,206 - INFO - [stocks] 23/336: AMGN fetching from 2000-01-01...
2026-01-10 22:55:44,561 - INFO - [stocks] 24/336: AMP fetching from 2000-01-01...
2026-01-10 22:55:53,156 - INFO - [stocks] 25/336: AMZN fetching from 2000-01-01...
2026-01-10 22:56:00,566 - INFO - [stocks] 26/336: ANSS fetching from 2000-01-01...
2026-01-10 22:56:01,216 - ERROR - $ANSS: possibly delisted; no timezone found
2026-01-10 22:56:01,222 - ERROR - 
1 Failed download:
2026-01-10 22:56:01,223 - ERROR - ['ANSS']: possibly delisted; no timezone found
2026-01-10 22:56:01,226 - WARNING -   -> No data for ANSS, skipping.
2026-01-10 22:56:01,226 - INFO - [stocks] 27/336: ANTM fetching from 2000-01-01...
2026-01-10 22:56:02,107 - ERROR - $ANTM: possibly delisted; no timezone found
2026-01-10 22:56:02,114 - ERROR - 
1 Failed download:
2026-01-10 22:56:02,114 - ERROR - ['ANTM']: possibly delisted; no timezone found
2026-01-10 22:56:02,117 - WARNING -   -> No data for ANTM, skipping.
2026-01-10 22:56:02,117 - INFO - [stocks] 28/336: AON fetching from 2000-01-01...
2026-01-10 22:56:12,028 - INFO - [stocks] 29/336: AOS fetching from 2000-01-01...
2026-01-10 22:56:23,079 - INFO - [stocks] 30/336: APA fetching from 2000-01-01...
2026-01-10 22:56:33,893 - INFO - [stocks] 31/336: APD fetching from 2000-01-01...
2026-01-10 22:56:45,201 - INFO - [stocks] 32/336: AVGO fetching from 2000-01-01...
2026-01-10 22:56:51,701 - INFO - [stocks] 33/336: AXP fetching from 2000-01-01...
2026-01-10 22:57:00,887 - INFO - [stocks] 34/336: AZO fetching from 2000-01-01...
2026-01-10 22:57:10,268 - INFO - [stocks] 35/336: BA fetching from 2000-01-01...
2026-01-10 22:57:19,840 - INFO - [stocks] 36/336: BAC fetching from 2000-01-01...
2026-01-10 22:57:28,163 - INFO - [stocks] 37/336: BAX fetching from 2000-01-01...
2026-01-10 22:57:37,942 - INFO - [stocks] 38/336: BBBY fetching from 2000-01-01...
2026-01-10 22:57:46,731 - INFO - [stocks] 39/336: BBWI fetching from 2000-01-01...
2026-01-10 22:57:57,027 - INFO - [stocks] 40/336: BBY fetching from 2000-01-01...
2026-01-10 22:58:06,102 - INFO - [stocks] 41/336: BG fetching from 2000-01-01...
2026-01-10 22:58:14,725 - INFO - [stocks] 42/336: BIIB fetching from 2000-01-01...
2026-01-10 22:58:24,543 - INFO - [stocks] 43/336: BIO fetching from 2000-01-01...
2026-01-10 22:58:33,920 - INFO - [stocks] 44/336: BK fetching from 2000-01-01...
2026-01-10 22:58:43,252 - INFO - [stocks] 45/336: BKNG fetching from 2000-01-01...
2026-01-10 22:58:52,316 - INFO - [stocks] 46/336: BKR fetching from 2000-01-01...
2026-01-10 22:59:02,982 - INFO - [stocks] 47/336: BLK fetching from 2000-01-01...
2026-01-10 22:59:12,571 - INFO - [stocks] 48/336: BR fetching from 2000-01-01...
2026-01-10 22:59:19,765 - INFO - [stocks] 49/336: BRK-B fetching from 2000-01-01...
2026-01-10 22:59:28,316 - INFO - [stocks] 50/336: BRKR fetching from 2000-01-01...
2026-01-10 22:59:38,087 - INFO - [stocks] 51/336: BSX fetching from 2000-01-01...
2026-01-10 22:59:49,547 - INFO - [stocks] 52/336: BURL fetching from 2000-01-01...
2026-01-10 22:59:56,130 - INFO - [stocks] 53/336: BX fetching from 2000-01-01...
2026-01-10 23:00:04,495 - INFO - [stocks] 54/336: C fetching from 2000-01-01...
2026-01-10 23:00:13,391 - INFO - [stocks] 55/336: CAH fetching from 2000-01-01...
2026-01-10 23:00:22,339 - INFO - [stocks] 56/336: CARR fetching from 2000-01-01...
2026-01-10 23:00:26,011 - INFO - [stocks] 57/336: CAT fetching from 2000-01-01...
2026-01-10 23:00:36,783 - INFO - [stocks] 58/336: CB fetching from 2000-01-01...
2026-01-10 23:00:46,245 - INFO - [stocks] 59/336: CBRE fetching from 2000-01-01...
2026-01-10 23:00:55,422 - INFO - [stocks] 60/336: CCL fetching from 2000-01-01...
2026-01-10 23:01:05,432 - INFO - [stocks] 61/336: CDNS fetching from 2000-01-01...
2026-01-10 23:01:15,308 - INFO - [stocks] 62/336: CDW fetching from 2000-01-01...
2026-01-10 23:01:20,783 - INFO - [stocks] 63/336: CF fetching from 2000-01-01...
2026-01-10 23:01:28,150 - INFO - [stocks] 64/336: CHD fetching from 2000-01-01...
2026-01-10 23:01:36,967 - INFO - [stocks] 65/336: CHRW fetching from 2000-01-01...
2026-01-10 23:01:45,611 - INFO - [stocks] 66/336: CHTR fetching from 2000-01-01...
2026-01-10 23:01:52,565 - INFO - [stocks] 67/336: CI fetching from 2000-01-01...
2026-01-10 23:02:01,102 - INFO - [stocks] 68/336: CL fetching from 2000-01-01...
2026-01-10 23:02:10,255 - INFO - [stocks] 69/336: CLX fetching from 2000-01-01...
2026-01-10 23:02:19,851 - INFO - [stocks] 70/336: CME fetching from 2000-01-01...
2026-01-10 23:02:33,525 - INFO - [stocks] 71/336: CMG fetching from 2000-01-01...
2026-01-10 23:02:41,921 - INFO - [stocks] 72/336: CMI fetching from 2000-01-01...
2026-01-10 23:02:51,046 - INFO - [stocks] 73/336: CNC fetching from 2000-01-01...
2026-01-10 23:02:59,791 - INFO - [stocks] 74/336: COF fetching from 2000-01-01...
2026-01-10 23:03:08,815 - INFO - [stocks] 75/336: COP fetching from 2000-01-01...
2026-01-10 23:03:18,896 - INFO - [stocks] 76/336: COST fetching from 2000-01-01...
2026-01-10 23:03:26,302 - INFO - [stocks] 77/336: CP fetching from 2000-01-01...
2026-01-10 23:03:35,824 - INFO - [stocks] 78/336: CRM fetching from 2000-01-01...
2026-01-10 23:03:42,604 - INFO - [stocks] 79/336: CRWD fetching from 2000-01-01...
2026-01-10 23:03:47,024 - INFO - [stocks] 80/336: CSCO fetching from 2000-01-01...
2026-01-10 23:03:54,884 - INFO - [stocks] 81/336: CSX fetching from 2000-01-01...
2026-01-10 23:04:04,020 - INFO - [stocks] 82/336: CTAS fetching from 2000-01-01...
2026-01-10 23:04:13,142 - INFO - [stocks] 83/336: CTLT fetching from 2000-01-01...
2026-01-10 23:04:13,981 - ERROR - $CTLT: possibly delisted; no timezone found
2026-01-10 23:04:13,990 - ERROR - 
1 Failed download:
2026-01-10 23:04:13,990 - ERROR - ['CTLT']: possibly delisted; no timezone found
2026-01-10 23:04:13,993 - WARNING -   -> No data for CTLT, skipping.
2026-01-10 23:04:13,993 - INFO - [stocks] 84/336: CTSH fetching from 2000-01-01...
2026-01-10 23:04:23,342 - INFO - [stocks] 85/336: CVS fetching from 2000-01-01...
2026-01-10 23:04:32,306 - INFO - [stocks] 86/336: CVX fetching from 2000-01-01...
2026-01-10 23:04:39,651 - INFO - [stocks] 87/336: D fetching from 2000-01-01...
2026-01-10 23:04:49,833 - INFO - [stocks] 88/336: DAL fetching from 2000-01-01...
2026-01-10 23:04:57,069 - INFO - [stocks] 89/336: DASH fetching from 2000-01-01...
2026-01-10 23:05:00,814 - INFO - [stocks] 90/336: DDOG fetching from 2000-01-01...
2026-01-10 23:05:05,360 - INFO - [stocks] 91/336: DE fetching from 2000-01-01...
2026-01-10 23:05:14,931 - INFO - [stocks] 92/336: DELL fetching from 2000-01-01...
2026-01-10 23:05:19,294 - INFO - [stocks] 93/336: DFS fetching from 2000-01-01...
2026-01-10 23:05:19,903 - ERROR - $DFS: possibly delisted; no timezone found
2026-01-10 23:05:19,909 - ERROR - 
1 Failed download:
2026-01-10 23:05:19,909 - ERROR - ['DFS']: possibly delisted; no timezone found
2026-01-10 23:05:19,910 - WARNING -   -> No data for DFS, skipping.
2026-01-10 23:05:19,910 - INFO - [stocks] 94/336: DG fetching from 2000-01-01...
2026-01-10 23:05:26,798 - INFO - [stocks] 95/336: DGX fetching from 2000-01-01...
2026-01-10 23:05:35,364 - INFO - [stocks] 96/336: DHI fetching from 2000-01-01...
2026-01-10 23:05:43,775 - INFO - [stocks] 97/336: DHR fetching from 2000-01-01...
2026-01-10 23:05:51,928 - INFO - [stocks] 98/336: DIS fetching from 2000-01-01...
2026-01-10 23:06:00,268 - INFO - [stocks] 99/336: DLR fetching from 2000-01-01...
2026-01-10 23:06:07,674 - INFO - [stocks] 100/336: DLTR fetching from 2000-01-01...
2026-01-10 23:06:17,475 - INFO - [stocks] 101/336: DOCU fetching from 2000-01-01...
2026-01-10 23:06:21,693 - INFO - [stocks] 102/336: DOW fetching from 2000-01-01...
2026-01-10 23:06:25,665 - INFO - [stocks] 103/336: DPZ fetching from 2000-01-01...
2026-01-10 23:06:33,900 - INFO - [stocks] 104/336: DRI fetching from 2000-01-01...
