2026-01-01 18:49:39,587 - INFO - Fetching S&P 500 ticker list from Wikipedia...
2026-01-01 18:49:39,588 - ERROR - Failed to fetch dynamic S&P 500 list: Missing optional dependency 'lxml'.  Use pip or conda to install lxml.
2026-01-01 18:49:39,588 - WARNING - Falling back to curated ticker list.
2026-01-01 18:49:39,588 - INFO - Starting refresh for 27 tickers...
2026-01-01 18:49:39,588 - INFO - [1/27] Processing AAPL...
2026-01-01 18:49:40,744 - INFO - [2/27] Processing ADBE...
2026-01-01 18:49:41,621 - INFO - [3/27] Processing AMD...
2026-01-01 18:49:42,332 - INFO - [4/27] Processing AMZN...
2026-01-01 18:49:43,032 - INFO - [5/27] Processing BAC...
2026-01-01 18:49:43,924 - INFO - [6/27] Processing BRK-B...
2026-01-01 18:49:44,973 - INFO - [7/27] Processing COST...
2026-01-01 18:49:46,201 - INFO - [8/27] Processing CRM...
2026-01-01 18:49:52,553 - INFO - [9/27] Processing DIS...
2026-01-01 18:49:53,533 - INFO - [10/27] Processing GOOGL...
2026-01-01 18:49:54,117 - INFO - Taking a short break to respect API limits...
2026-01-01 18:49:55,118 - INFO - [11/27] Processing HD...
2026-01-01 18:49:55,981 - INFO - [12/27] Processing INTC...
2026-01-01 18:49:56,930 - INFO - [13/27] Processing JPM...
2026-01-01 18:49:57,951 - INFO - [14/27] Processing KO...
2026-01-01 18:49:59,225 - INFO - [15/27] Processing MA...
2026-01-01 18:49:59,885 - INFO - [16/27] Processing MCD...
2026-01-01 18:50:00,842 - INFO - [17/27] Processing META...
2026-01-01 18:50:01,378 - INFO - [18/27] Processing MSFT...
2026-01-01 18:50:01,978 - INFO - [19/27] Processing NFLX...
2026-01-01 18:50:02,835 - INFO - [20/27] Processing NVDA...
2026-01-01 18:50:03,649 - INFO - Taking a short break to respect API limits...
2026-01-01 18:50:04,649 - INFO - [21/27] Processing ORCL...
2026-01-01 18:50:05,452 - INFO - [22/27] Processing PEP...
2026-01-01 18:50:06,284 - INFO - [23/27] Processing PG...
2026-01-01 18:50:07,177 - INFO - [24/27] Processing TSLA...
2026-01-01 18:50:07,720 - INFO - [25/27] Processing V...
2026-01-01 18:50:08,389 - INFO - [26/27] Processing VZ...
2026-01-01 18:50:09,240 - INFO - [27/27] Processing WMT...
2026-01-01 18:50:10,147 - INFO - ==============================
2026-01-01 18:50:10,148 - INFO - STOCK REFRESH SUMMARY
2026-01-01 18:50:10,148 - INFO - Total Attempted:   27
2026-01-01 18:50:10,148 - INFO - Successfully DL:   27
2026-01-01 18:50:10,148 - INFO - Successfully Load: 27
2026-01-01 18:50:10,148 - INFO - Skipped:           0
2026-01-01 18:50:10,148 - INFO - Failed Load:       0
2026-01-01 18:50:10,148 - INFO - ==============================
2026-01-01 18:52:02,506 - INFO - Fetching S&P 500 ticker list from Wikipedia...
2026-01-01 18:52:02,825 - ERROR - Failed to fetch dynamic S&P 500 list: 'NoneType' object has no attribute 'find_all'
2026-01-01 18:52:02,825 - WARNING - Falling back to curated ticker list.
2026-01-01 18:52:02,827 - INFO - Starting refresh for 27 tickers...
2026-01-01 18:52:02,827 - INFO - [1/27] Processing AAPL...
2026-01-01 18:52:04,184 - INFO - [2/27] Processing ADBE...
2026-01-01 18:52:05,118 - INFO - [3/27] Processing AMD...
2026-01-01 18:52:05,852 - INFO - [4/27] Processing AMZN...
2026-01-01 18:58:03,541 - INFO - Reading ticker list from data/sp500_tickers.txt...
2026-01-01 18:58:03,541 - INFO - Successfully retrieved 387 tickers from file.
2026-01-01 18:58:03,541 - INFO - Starting refresh for 337 tickers...
2026-01-01 18:58:03,542 - INFO - [1/337] Processing A...
2026-01-01 18:58:04,863 - INFO - [2/337] Processing AAL...
2026-01-01 18:58:05,563 - INFO - [3/337] Processing AAPL...
2026-01-01 18:58:06,200 - INFO - [4/337] Processing ABBV...
2026-01-01 18:58:06,739 - INFO - [5/337] Processing ABMD...
2026-01-01 18:58:07,618 - ERROR - $ABMD: possibly delisted; no timezone found
2026-01-01 18:58:07,624 - ERROR - 
1 Failed download:
2026-01-01 18:58:07,624 - ERROR - ['ABMD']: possibly delisted; no timezone found
2026-01-01 18:58:07,626 - WARNING - No data found for ABMD, skipping.
2026-01-01 18:58:07,626 - INFO - [6/337] Processing ABNB...
2026-01-01 18:58:08,020 - INFO - [7/337] Processing ABT...
2026-01-01 18:58:08,896 - INFO - [8/337] Processing ACN...
2026-01-01 18:58:09,681 - INFO - [9/337] Processing ADBE...
2026-01-01 18:58:10,324 - INFO - [10/337] Processing ADI...
2026-01-01 18:58:12,157 - INFO - [11/337] Processing ADM...
2026-01-01 18:58:13,025 - INFO - [12/337] Processing ADP...
2026-01-01 18:58:13,942 - INFO - [13/337] Processing ADSK...
2026-01-01 18:58:14,884 - INFO - [14/337] Processing AEP...
2026-01-01 18:58:15,699 - INFO - [15/337] Processing AFL...
2026-01-01 18:58:16,577 - INFO - [16/337] Processing AIG...
2026-01-01 18:58:17,563 - INFO - [17/337] Processing AKAM...
2026-01-01 18:58:18,251 - INFO - [18/337] Processing ALB...
2026-01-01 18:58:19,051 - INFO - [19/337] Processing ALGN...
2026-01-01 18:58:19,704 - INFO - [20/337] Processing ALLY...
2026-01-01 18:58:21,267 - INFO - [21/337] Processing AMAT...
2026-01-01 18:58:22,174 - INFO - [22/337] Processing AMD...
2026-01-01 18:58:23,110 - INFO - [23/337] Processing AMGN...
2026-01-01 18:58:29,270 - INFO - [24/337] Processing AMP...
2026-01-01 18:58:30,063 - INFO - [25/337] Processing AMZN...
2026-01-01 18:58:30,669 - INFO - [26/337] Processing ANSS...
2026-01-01 18:58:31,845 - ERROR - HTTP Error 404: {"quoteSummary":{"result":null,"error":{"code":"Not Found","description":"Quote not found for symbol: ANSS"}}}
2026-01-01 18:58:32,035 - ERROR - $ANSS: possibly delisted; no timezone found
2026-01-01 18:58:32,040 - ERROR - 
1 Failed download:
2026-01-01 18:58:32,040 - ERROR - ['ANSS']: possibly delisted; no timezone found
2026-01-01 18:58:32,043 - WARNING - No data found for ANSS, skipping.
2026-01-01 18:58:32,043 - INFO - [27/337] Processing ANTM...
2026-01-01 18:58:32,622 - ERROR - $ANTM: possibly delisted; no timezone found
2026-01-01 18:58:32,631 - ERROR - 
1 Failed download:
2026-01-01 18:58:32,631 - ERROR - ['ANTM']: possibly delisted; no timezone found
2026-01-01 18:58:32,633 - WARNING - No data found for ANTM, skipping.
2026-01-01 18:58:32,633 - INFO - [28/337] Processing AON...
2026-01-01 18:58:33,686 - INFO - [29/337] Processing AOS...
2026-01-01 18:58:34,712 - INFO - [30/337] Processing APA...
2026-01-01 18:58:36,550 - INFO - [31/337] Processing APD...
2026-01-01 18:58:37,438 - INFO - [32/337] Processing AVGO...
2026-01-01 18:58:38,306 - INFO - [33/337] Processing AXP...
2026-01-01 18:58:39,218 - INFO - [34/337] Processing AZO...
2026-01-01 18:58:39,966 - INFO - [35/337] Processing BA...
2026-01-01 18:58:40,958 - INFO - [36/337] Processing BAC...
2026-01-01 18:58:41,661 - INFO - [37/337] Processing BAX...
2026-01-01 18:58:42,470 - INFO - [38/337] Processing BBBY...
2026-01-01 18:58:43,130 - INFO - [39/337] Processing BBWI...
2026-01-01 18:58:44,034 - INFO - [40/337] Processing BBY...
2026-01-01 18:58:45,891 - INFO - [41/337] Processing BG...
2026-01-01 18:58:46,859 - INFO - [42/337] Processing BIIB...
2026-01-01 18:58:47,633 - INFO - [43/337] Processing BIO...
2026-01-01 18:58:48,427 - INFO - [44/337] Processing BK...
2026-01-01 18:58:49,332 - INFO - [45/337] Processing BKNG...
2026-01-01 18:58:50,090 - INFO - [46/337] Processing BKR...
2026-01-01 18:58:50,989 - INFO - [47/337] Processing BLK...
2026-01-01 18:58:51,773 - INFO - [48/337] Processing BR...
2026-01-01 18:58:52,643 - INFO - [49/337] Processing BRK-B...
2026-01-01 18:58:53,589 - INFO - [50/337] Processing BRKR...
2026-01-01 18:58:55,699 - INFO - [51/337] Processing BSX...
2026-01-01 18:58:56,628 - INFO - [52/337] Processing BURL...
2026-01-01 18:58:57,451 - INFO - [53/337] Processing BX...
2026-01-01 18:58:58,314 - INFO - [54/337] Processing C...
2026-01-01 18:58:59,453 - INFO - [55/337] Processing CAH...
2026-01-01 18:59:00,535 - INFO - [56/337] Processing CARR...
2026-01-01 18:59:01,032 - INFO - [57/337] Processing CAT...
2026-01-01 18:59:02,100 - INFO - [58/337] Processing CB...
2026-01-01 18:59:03,194 - INFO - [59/337] Processing CBRE...
2026-01-01 18:59:04,010 - INFO - [60/337] Processing CCL...
2026-01-01 18:59:05,977 - INFO - [61/337] Processing CDNS...
2026-01-01 18:59:06,823 - INFO - [62/337] Processing CDW...
2026-01-01 18:59:07,545 - INFO - [63/337] Processing CF...
2026-01-01 18:59:09,078 - INFO - [64/337] Processing CHD...
2026-01-01 18:59:10,093 - INFO - [65/337] Processing CHRW...
2026-01-01 18:59:11,078 - INFO - [66/337] Processing CHTR...
2026-01-01 18:59:11,784 - INFO - [67/337] Processing CI...
2026-01-01 18:59:12,803 - INFO - [68/337] Processing CL...
2026-01-01 18:59:13,937 - INFO - [69/337] Processing CLX...
2026-01-01 18:59:14,999 - INFO - [70/337] Processing CME...
2026-01-01 18:59:16,841 - INFO - [71/337] Processing CMG...
2026-01-01 18:59:17,831 - INFO - [72/337] Processing CMI...
2026-01-01 18:59:18,937 - INFO - [73/337] Processing CNC...
2026-01-01 18:59:19,662 - INFO - [74/337] Processing COF...
2026-01-01 18:59:20,469 - INFO - [75/337] Processing COP...
2026-01-01 18:59:21,456 - INFO - [76/337] Processing COST...
2026-01-01 18:59:22,233 - INFO - [77/337] Processing CP...
2026-01-01 18:59:23,323 - INFO - [78/337] Processing CRM...
2026-01-01 18:59:24,241 - INFO - [79/337] Processing CRWD...
2026-01-01 18:59:24,679 - INFO - [80/337] Processing CSCO...
2026-01-01 18:59:26,564 - INFO - [81/337] Processing CSX...
2026-01-01 18:59:27,579 - INFO - [82/337] Processing CTAS...
2026-01-01 18:59:28,419 - INFO - [83/337] Processing CTLT...
2026-01-01 18:59:28,876 - ERROR - $CTLT: possibly delisted; no timezone found
2026-01-01 18:59:28,877 - ERROR - 
1 Failed download:
2026-01-01 18:59:28,877 - ERROR - ['CTLT']: possibly delisted; no timezone found
2026-01-01 18:59:28,879 - WARNING - No data found for CTLT, skipping.
2026-01-01 18:59:28,879 - INFO - [84/337] Processing CTSH...
2026-01-01 18:59:29,759 - INFO - [85/337] Processing CVS...
2026-01-01 18:59:30,862 - INFO - [86/337] Processing CVX...
2026-01-01 18:59:31,893 - INFO - [87/337] Processing D...
2026-01-01 18:59:32,910 - INFO - [88/337] Processing DAL...
2026-01-01 18:59:33,580 - INFO - [89/337] Processing DASH...
2026-01-01 18:59:33,992 - INFO - [90/337] Processing DDOG...
2026-01-01 18:59:35,492 - INFO - [91/337] Processing DE...
2026-01-01 18:59:36,468 - INFO - [92/337] Processing DELL...
2026-01-01 18:59:37,304 - INFO - [93/337] Processing DFS...
2026-01-01 18:59:37,899 - ERROR - $DFS: possibly delisted; no timezone found
2026-01-01 18:59:37,903 - ERROR - 
1 Failed download:
2026-01-01 18:59:37,904 - ERROR - ['DFS']: possibly delisted; no timezone found
2026-01-01 18:59:37,907 - WARNING - No data found for DFS, skipping.
2026-01-01 18:59:37,907 - INFO - [94/337] Processing DG...
2026-01-01 18:59:38,869 - INFO - [95/337] Processing DGX...
2026-01-01 18:59:39,661 - INFO - [96/337] Processing DHI...
2026-01-01 18:59:40,692 - INFO - [97/337] Processing DHR...
2026-01-01 18:59:41,873 - INFO - [98/337] Processing DIS...
2026-01-01 18:59:42,785 - INFO - [99/337] Processing DLR...
2026-01-01 18:59:43,631 - INFO - [100/337] Processing DLTR...
2026-01-01 18:59:45,656 - INFO - [101/337] Processing DOCU...
2026-01-01 18:59:46,250 - INFO - [102/337] Processing DOW...
2026-01-01 18:59:46,904 - INFO - [103/337] Processing DPZ...
2026-01-01 18:59:47,847 - INFO - [104/337] Processing DRI...
2026-01-01 18:59:48,934 - INFO - [105/337] Processing DUK...
2026-01-01 18:59:50,078 - INFO - [106/337] Processing DVN...
2026-01-01 18:59:51,122 - INFO - [107/337] Processing ECL...
2026-01-01 18:59:52,168 - INFO - [108/337] Processing ED...
2026-01-01 18:59:53,137 - INFO - [109/337] Processing EFX...
2026-01-01 18:59:53,974 - INFO - [110/337] Processing EL...
2026-01-01 18:59:55,788 - INFO - [111/337] Processing ELV...
2026-01-01 18:59:56,554 - INFO - [112/337] Processing EMR...
2026-01-01 18:59:57,503 - INFO - [113/337] Processing EOG...
2026-01-01 18:59:58,383 - INFO - [114/337] Processing EQIX...
2026-01-01 18:59:59,171 - INFO - [115/337] Processing ETN...
2026-01-01 19:00:00,153 - INFO - [116/337] Processing EW...
2026-01-01 19:00:00,936 - INFO - [117/337] Processing EXC...
2026-01-01 19:00:02,007 - INFO - [118/337] Processing EXPD...
2026-01-01 19:00:02,817 - INFO - [119/337] Processing EXPE...
2026-01-01 19:00:03,831 - INFO - [120/337] Processing F...
2026-01-01 19:00:05,667 - INFO - [121/337] Processing FCX...
2026-01-01 19:00:06,508 - INFO - [122/337] Processing FDX...
2026-01-01 19:00:07,418 - INFO - [123/337] Processing FFIV...
2026-01-01 19:00:08,330 - INFO - [124/337] Processing FI...
2026-01-01 19:00:09,245 - INFO - [125/337] Processing FIS...
2026-01-01 19:00:10,031 - INFO - [126/337] Processing FISV...
2026-01-01 19:00:10,898 - INFO - [127/337] Processing FLT...
2026-01-01 19:00:11,593 - ERROR - $FLT: possibly delisted; no timezone found
2026-01-01 19:00:11,595 - ERROR - 
1 Failed download:
2026-01-01 19:00:11,595 - ERROR - ['FLT']: possibly delisted; no timezone found
2026-01-01 19:00:11,597 - WARNING - No data found for FLT, skipping.
2026-01-01 19:00:11,598 - INFO - [128/337] Processing FMC...
2026-01-01 19:00:12,620 - INFO - [129/337] Processing FTNT...
2026-01-01 19:00:13,221 - INFO - [130/337] Processing GD...
2026-01-01 19:00:15,151 - INFO - [131/337] Processing GE...
2026-01-01 19:00:16,101 - INFO - [132/337] Processing GEHC...
2026-01-01 19:00:16,476 - INFO - [133/337] Processing GILD...
2026-01-01 19:00:17,271 - INFO - [134/337] Processing GLW...
2026-01-01 19:00:18,208 - INFO - [135/337] Processing GM...
2026-01-01 19:00:19,013 - INFO - [136/337] Processing GOOG...
2026-01-01 19:00:20,075 - INFO - [137/337] Processing GOOGL...
2026-01-01 19:00:20,631 - INFO - [138/337] Processing GPN...
2026-01-01 19:00:21,520 - INFO - [139/337] Processing GRMN...
2026-01-01 19:00:22,334 - INFO - [140/337] Processing GS...
2026-01-01 19:00:24,231 - INFO - [141/337] Processing H...
2026-01-01 19:00:24,877 - INFO - [142/337] Processing HAL...
2026-01-01 19:00:25,825 - INFO - [143/337] Processing HAS...
2026-01-01 19:00:26,714 - INFO - [144/337] Processing HCA...
2026-01-01 19:00:27,517 - INFO - [145/337] Processing HD...
2026-01-01 19:00:28,410 - INFO - [146/337] Processing HES...
2026-01-01 19:00:29,292 - ERROR - $HES: possibly delisted; no timezone found
2026-01-01 19:00:29,293 - ERROR - 
1 Failed download:
2026-01-01 19:00:29,293 - ERROR - ['HES']: possibly delisted; no timezone found
2026-01-01 19:00:29,295 - WARNING - No data found for HES, skipping.
2026-01-01 19:00:29,295 - INFO - [147/337] Processing HLT...
2026-01-01 19:00:29,892 - INFO - [148/337] Processing HOG...
2026-01-01 19:00:30,766 - INFO - [149/337] Processing HOLX...
2026-01-01 19:00:31,479 - INFO - [150/337] Processing HON...
2026-01-01 19:00:33,417 - INFO - [151/337] Processing HP...
2026-01-01 19:00:34,467 - INFO - [152/337] Processing HPE...
2026-01-01 19:00:35,252 - INFO - [153/337] Processing HPQ...
2026-01-01 19:00:36,207 - INFO - [154/337] Processing HUBB...
2026-01-01 19:00:37,255 - INFO - [155/337] Processing HUM...
2026-01-01 19:00:38,063 - INFO - [156/337] Processing IBM...
2026-01-01 19:00:39,131 - INFO - [157/337] Processing ICE...
2026-01-01 19:00:39,801 - INFO - [158/337] Processing IDXX...
2026-01-01 19:00:40,520 - INFO - [159/337] Processing ILMN...
2026-01-01 19:00:41,308 - INFO - [160/337] Processing INTC...
2026-01-01 19:00:42,989 - INFO - [161/337] Processing INTU...
2026-01-01 19:00:43,918 - INFO - [162/337] Processing IRM...
2026-01-01 19:00:48,835 - INFO - [163/337] Processing ISRG...
2026-01-01 19:00:50,213 - INFO - [164/337] Processing ITW...
2026-01-01 19:00:51,087 - INFO - [165/337] Processing JBHT...
2026-01-01 19:00:52,031 - INFO - [166/337] Processing JNJ...
2026-01-01 19:00:55,005 - INFO - [167/337] Processing JPM...
2026-01-01 19:00:55,795 - INFO - [168/337] Processing KELYA...
2026-01-01 19:00:56,576 - INFO - [169/337] Processing KEX...
2026-01-01 19:00:57,236 - INFO - [170/337] Processing KEYS...
2026-01-01 19:00:58,948 - INFO - [171/337] Processing KHC...
2026-01-01 19:00:59,539 - INFO - [172/337] Processing KMB...
2026-01-01 19:01:01,660 - INFO - [173/337] Processing KMI...
2026-01-01 19:01:02,375 - INFO - [174/337] Processing KO...
2026-01-01 19:01:03,093 - INFO - [175/337] Processing KR...
2026-01-01 19:01:04,109 - INFO - [176/337] Processing KSS...
2026-01-01 19:01:05,493 - INFO - [177/337] Processing LCID...
2026-01-01 19:01:05,980 - INFO - [178/337] Processing LEN...
2026-01-01 19:01:07,286 - INFO - [179/337] Processing LH...
2026-01-01 19:01:08,124 - INFO - [180/337] Processing LHX...
2026-01-01 19:01:10,115 - INFO - [181/337] Processing LII...
2026-01-01 19:01:11,101 - INFO - [182/337] Processing LIN...
2026-01-01 19:01:12,044 - INFO - [183/337] Processing LLY...
2026-01-01 19:01:12,989 - INFO - [184/337] Processing LMT...
2026-01-01 19:01:13,870 - INFO - [185/337] Processing LOW...
2026-01-01 19:01:14,739 - INFO - [186/337] Processing LRCX...
2026-01-01 19:01:15,532 - INFO - [187/337] Processing LSTR...
2026-01-01 19:01:16,333 - INFO - [188/337] Processing LUV...
2026-01-01 19:01:17,173 - INFO - [189/337] Processing LVS...
2026-01-01 19:01:18,006 - INFO - [190/337] Processing LYFT...
2026-01-01 19:01:19,418 - INFO - [191/337] Processing MA...
2026-01-01 19:01:20,024 - INFO - [192/337] Processing MAN...
2026-01-01 19:01:20,931 - INFO - [193/337] Processing MAR...
2026-01-01 19:01:21,929 - INFO - [194/337] Processing MAS...
2026-01-01 19:01:23,013 - INFO - [195/337] Processing MATX...
2026-01-01 19:01:23,926 - INFO - [196/337] Processing MCD...
2026-01-01 19:01:24,606 - INFO - [197/337] Processing MCK...
2026-01-01 19:01:25,517 - INFO - [198/337] Processing MCO...
2026-01-01 19:01:26,302 - INFO - [199/337] Processing MDB...
2026-01-01 19:01:26,801 - INFO - [200/337] Processing MDLZ...
2026-01-01 19:01:28,604 - INFO - [201/337] Processing MDT...
2026-01-01 19:01:29,608 - INFO - [202/337] Processing META...
2026-01-01 19:01:30,138 - INFO - [203/337] Processing MGM...
2026-01-01 19:01:30,900 - INFO - [204/337] Processing MMC...
2026-01-01 19:01:32,016 - INFO - [205/337] Processing MNST...
2026-01-01 19:01:32,823 - INFO - [206/337] Processing MO...
2026-01-01 19:01:33,689 - INFO - [207/337] Processing MOS...
2026-01-01 19:01:34,557 - INFO - [208/337] Processing MRK...
2026-01-01 19:01:35,595 - INFO - [209/337] Processing MS...
2026-01-01 19:01:36,440 - INFO - [210/337] Processing MSCI...
2026-01-01 19:01:38,109 - INFO - [211/337] Processing MSFT...
2026-01-01 19:01:43,849 - INFO - [212/337] Processing MSI...
2026-01-01 19:01:44,862 - INFO - [213/337] Processing MTD...
2026-01-01 19:01:45,559 - INFO - [214/337] Processing MU...
2026-01-01 19:01:46,542 - INFO - [215/337] Processing NCLH...
2026-01-01 19:01:47,202 - INFO - [216/337] Processing NDAQ...
2026-01-01 19:01:47,952 - INFO - [217/337] Processing NEE...
2026-01-01 19:01:48,837 - INFO - [218/337] Processing NET...
2026-01-01 19:01:49,294 - INFO - [219/337] Processing NFLX...
2026-01-01 19:01:49,956 - INFO - [220/337] Processing NKE...
2026-01-01 19:01:56,805 - INFO - [221/337] Processing NLSN...
2026-01-01 19:01:57,347 - ERROR - $NLSN: possibly delisted; no timezone found
2026-01-01 19:01:57,354 - ERROR - 
1 Failed download:
2026-01-01 19:01:57,354 - ERROR - ['NLSN']: possibly delisted; no timezone found
2026-01-01 19:01:57,356 - WARNING - No data found for NLSN, skipping.
2026-01-01 19:01:57,357 - INFO - [222/337] Processing NOC...
2026-01-01 19:01:58,201 - INFO - [223/337] Processing NOW...
2026-01-01 19:01:58,771 - INFO - [224/337] Processing NRG...
2026-01-01 19:02:00,024 - INFO - [225/337] Processing NSC...
2026-01-01 19:02:00,928 - INFO - [226/337] Processing NTAP...
2026-01-01 19:02:02,798 - INFO - [227/337] Processing NTRS...
2026-01-01 19:02:04,421 - INFO - [228/337] Processing NVDA...
2026-01-01 19:02:10,339 - INFO - [229/337] Processing NVR...
2026-01-01 19:02:11,298 - INFO - [230/337] Processing NWL...
2026-01-01 19:02:13,337 - INFO - [231/337] Processing O...
2026-01-01 19:02:14,910 - INFO - [232/337] Processing ODFL...
2026-01-01 19:02:15,973 - INFO - [233/337] Processing OKTA...
2026-01-01 19:02:16,593 - INFO - [234/337] Processing ORCL...
2026-01-01 19:02:17,493 - INFO - [235/337] Processing ORLY...
2026-01-01 19:02:18,413 - INFO - [236/337] Processing OTIS...
2026-01-01 19:02:18,919 - INFO - [237/337] Processing OXY...
2026-01-01 19:02:20,006 - INFO - [238/337] Processing PANW...
2026-01-01 19:02:20,729 - INFO - [239/337] Processing PATH...
2026-01-01 19:02:21,217 - INFO - [240/337] Processing PAYC...
2026-01-01 19:02:22,901 - INFO - [241/337] Processing PAYX...
2026-01-01 19:02:24,456 - INFO - [242/337] Processing PCAR...
2026-01-01 19:02:25,475 - INFO - [243/337] Processing PEP...
2026-01-01 19:02:26,628 - INFO - [244/337] Processing PFE...
2026-01-01 19:02:27,715 - INFO - [245/337] Processing PG...
2026-01-01 19:02:28,585 - INFO - [246/337] Processing PGR...
2026-01-01 19:02:36,440 - INFO - [247/337] Processing PH...
2026-01-01 19:02:42,762 - INFO - [248/337] Processing PHM...
2026-01-01 19:02:43,896 - INFO - [249/337] Processing PKI...
2026-01-01 19:02:44,566 - ERROR - $PKI: possibly delisted; no timezone found
2026-01-01 19:02:44,566 - ERROR - 
1 Failed download:
2026-01-01 19:02:44,567 - ERROR - ['PKI']: possibly delisted; no timezone found
2026-01-01 19:02:44,569 - WARNING - No data found for PKI, skipping.
2026-01-01 19:02:44,569 - INFO - [250/337] Processing PLD...
2026-01-01 19:02:46,641 - INFO - [251/337] Processing PLTR...
2026-01-01 19:02:47,040 - INFO - [252/337] Processing PM...
2026-01-01 19:02:47,807 - INFO - [253/337] Processing PNC...
2026-01-01 19:02:48,763 - INFO - [254/337] Processing PPL...
2026-01-01 19:02:49,718 - INFO - [255/337] Processing PRU...
2026-01-01 19:02:50,546 - INFO - [256/337] Processing PSA...
2026-01-01 19:02:51,765 - INFO - [257/337] Processing PVH...
2026-01-01 19:02:52,693 - INFO - [258/337] Processing PYPL...
2026-01-01 19:02:53,323 - INFO - [259/337] Processing RAD...
2026-01-01 19:02:53,989 - ERROR - $RAD: possibly delisted; no timezone found
2026-01-01 19:02:53,995 - ERROR - 
1 Failed download:
2026-01-01 19:02:53,996 - ERROR - ['RAD']: possibly delisted; no timezone found
2026-01-01 19:02:53,997 - WARNING - No data found for RAD, skipping.
2026-01-01 19:02:53,998 - INFO - [260/337] Processing RCL...
2026-01-01 19:02:55,897 - INFO - [261/337] Processing REGN...
2026-01-01 19:02:56,825 - INFO - [262/337] Processing RHI...
2026-01-01 19:02:57,850 - INFO - [263/337] Processing RIVN...
2026-01-01 19:02:58,362 - INFO - [264/337] Processing RJF...
2026-01-01 19:02:59,464 - INFO - [265/337] Processing ROL...
2026-01-01 19:03:00,597 - INFO - [266/337] Processing ROP...
2026-01-01 19:03:01,661 - INFO - [267/337] Processing ROST...
2026-01-01 19:03:02,737 - INFO - [268/337] Processing RSG...
2026-01-01 19:03:03,751 - INFO - [269/337] Processing SBUX...
2026-01-01 19:03:04,748 - INFO - [270/337] Processing SCHW...
2026-01-01 19:03:07,295 - INFO - [271/337] Processing SHAK...
2026-01-01 19:03:07,992 - INFO - [272/337] Processing SHOP...
2026-01-01 19:03:08,661 - INFO - [273/337] Processing SLB...
2026-01-01 19:03:09,735 - INFO - [274/337] Processing SNOW...
2026-01-01 19:03:10,343 - INFO - [275/337] Processing SNPS...
2026-01-01 19:03:11,297 - INFO - [276/337] Processing SO...
2026-01-01 19:03:12,391 - INFO - [277/337] Processing SPGI...
2026-01-01 19:03:13,461 - INFO - [278/337] Processing SQ...
2026-01-01 19:03:14,136 - ERROR - $SQ: possibly delisted; no timezone found
2026-01-01 19:03:14,141 - ERROR - 
1 Failed download:
2026-01-01 19:03:14,141 - ERROR - ['SQ']: possibly delisted; no timezone found
2026-01-01 19:03:14,142 - WARNING - No data found for SQ, skipping.
2026-01-01 19:03:14,143 - INFO - [279/337] Processing SRE...
2026-01-01 19:03:15,193 - INFO - [280/337] Processing STE...
2026-01-01 19:03:17,199 - INFO - [281/337] Processing STT...
2026-01-01 19:03:18,299 - INFO - [282/337] Processing STX...
2026-01-01 19:03:19,528 - INFO - [283/337] Processing SWK...
2026-01-01 19:03:20,491 - INFO - [284/337] Processing SYK...
2026-01-01 19:03:21,748 - INFO - [285/337] Processing T...
2026-01-01 19:03:22,879 - INFO - [286/337] Processing TDG...
2026-01-01 19:03:23,700 - INFO - [287/337] Processing TDOC...
2026-01-01 19:03:24,352 - INFO - [288/337] Processing TDY...
2026-01-01 19:03:25,427 - INFO - [289/337] Processing TEAM...
2026-01-01 19:03:26,015 - INFO - [290/337] Processing TEL...
2026-01-01 19:03:27,934 - INFO - [291/337] Processing TFC...
2026-01-01 19:03:29,435 - INFO - [292/337] Processing TFX...
2026-01-01 19:03:30,504 - INFO - [293/337] Processing TGT...
2026-01-01 19:03:31,524 - INFO - [294/337] Processing TJX...
2026-01-01 19:03:32,581 - INFO - [295/337] Processing TMO...
2026-01-01 19:03:33,724 - INFO - [296/337] Processing TOL...
2026-01-01 19:03:34,761 - INFO - [297/337] Processing TPR...
2026-01-01 19:03:36,199 - INFO - [298/337] Processing TRMB...
2026-01-01 19:03:37,177 - INFO - [299/337] Processing TRU...
2026-01-01 19:03:37,820 - INFO - [300/337] Processing TRV...
2026-01-01 19:03:39,957 - INFO - [301/337] Processing TSCO...
2026-01-01 19:03:40,976 - INFO - [302/337] Processing TSLA...
2026-01-01 19:03:41,853 - INFO - [303/337] Processing TSN...
2026-01-01 19:03:42,935 - INFO - [304/337] Processing TXN...
2026-01-01 19:03:44,519 - INFO - [305/337] Processing TXT...
2026-01-01 19:03:45,584 - INFO - [306/337] Processing UAL...
2026-01-01 19:03:46,497 - INFO - [307/337] Processing UBER...
2026-01-01 19:03:47,009 - INFO - [308/337] Processing UHS...
2026-01-01 19:03:48,058 - INFO - [309/337] Processing ULTA...
2026-01-01 19:03:49,018 - INFO - [310/337] Processing UNH...
2026-01-01 19:03:51,153 - INFO - [311/337] Processing UNP...
2026-01-01 19:03:52,324 - INFO - [312/337] Processing UPS...
2026-01-01 19:03:53,408 - INFO - [313/337] Processing USB...
2026-01-01 19:03:54,412 - INFO - [314/337] Processing V...
2026-01-01 19:03:55,154 - INFO - [315/337] Processing VLO...
2026-01-01 19:03:56,255 - INFO - [316/337] Processing VRSK...
2026-01-01 19:03:57,066 - INFO - [317/337] Processing VRTX...
2026-01-01 19:03:57,870 - INFO - [318/337] Processing VZ...
2026-01-01 19:03:58,611 - INFO - [319/337] Processing WAT...
2026-01-01 19:03:59,400 - INFO - [320/337] Processing WBA...
2026-01-01 19:03:59,891 - ERROR - $WBA: possibly delisted; no timezone found
2026-01-01 19:03:59,898 - ERROR - 
1 Failed download:
2026-01-01 19:03:59,899 - ERROR - ['WBA']: possibly delisted; no timezone found
2026-01-01 19:03:59,900 - WARNING - No data found for WBA, skipping.
2026-01-01 19:03:59,901 - INFO - [321/337] Processing WDC...
2026-01-01 19:04:00,960 - INFO - [322/337] Processing WELL...
2026-01-01 19:04:01,883 - INFO - [323/337] Processing WFC...
2026-01-01 19:04:02,707 - INFO - [324/337] Processing WH...
2026-01-01 19:04:05,764 - INFO - [325/337] Processing WHR...
2026-01-01 19:04:06,804 - INFO - [326/337] Processing WING...
2026-01-01 19:04:07,385 - INFO - [327/337] Processing WM...
2026-01-01 19:04:08,666 - INFO - [328/337] Processing WMT...
2026-01-01 19:04:09,430 - INFO - [329/337] Processing WRK...
2026-01-01 19:04:10,429 - ERROR - $WRK: possibly delisted; no timezone found
2026-01-01 19:04:10,433 - ERROR - 
1 Failed download:
2026-01-01 19:04:10,433 - ERROR - ['WRK']: possibly delisted; no timezone found
2026-01-01 19:04:10,435 - WARNING - No data found for WRK, skipping.
2026-01-01 19:04:10,435 - INFO - [330/337] Processing WSM...
2026-01-01 19:04:12,764 - INFO - [331/337] Processing WYNN...
2026-01-01 19:04:13,744 - INFO - [332/337] Processing XOM...
2026-01-01 19:04:14,718 - INFO - [333/337] Processing YUM...
2026-01-01 19:04:15,620 - INFO - [334/337] Processing ZBH...
2026-01-01 19:04:16,505 - INFO - [335/337] Processing ZBRA...
2026-01-01 19:04:17,489 - INFO - [336/337] Processing ZS...
2026-01-01 19:04:17,919 - INFO - [337/337] Processing ZTS...
2026-01-01 19:04:18,600 - INFO - ==============================
2026-01-01 19:04:18,600 - INFO - STOCK REFRESH SUMMARY
2026-01-01 19:04:18,600 - INFO - Total Attempted:   337
2026-01-01 19:04:18,600 - INFO - Successfully DL:   324
2026-01-01 19:04:18,600 - INFO - Successfully Load: 324
2026-01-01 19:04:18,600 - INFO - Skipped:           13
2026-01-01 19:04:18,600 - INFO - Failed Load:       0
2026-01-01 19:04:18,600 - INFO - ==============================
